+ ex=../cmake-build-relwithdebinfo/src/bench/crimes_omap
+ num_runs=5
+ bbs=64
++ seq 1 24
+ ns='1
2
3
4
5
6
7
8
9
10
11
12
13
14
15
16
17
18
19
20
21
22
23
24'
+ ssd_base_path=/home/ubuntu/data/tests/ssd/nocache/
+ rm -rf /home/ubuntu/data/tests/ssd/nocache/
+ for n in ${ns[@]}
+ mkdir -p /home/ubuntu/data/tests/ssd/nocache/
+ ../cmake-build-relwithdebinfo/src/bench/crimes_omap --print_csv_headers -r 5 -v 64 -N 1 -p /home/ubuntu/data/tests/ssd/nocache/ -a -d
Initializing with id=0, n=1, entry_size=480.0B, total store size=480.0B, store_type=2; num_stores=1
Using MMap File storage backend.
Store destroy invoked.
Store id to destroy: 0
Store with id=0 destroyed; Remaining stores: 0
Initializing with id=1, n=1, entry_size=480.0B, total store size=480.0B, store_type=2; num_stores=1
Using MMap File storage backend.
Store destroy invoked.
Store id to destroy: 1
Store with id=1 destroyed; Remaining stores: 0
Initializing with id=2, n=1, entry_size=480.0B, total store size=480.0B, store_type=2; num_stores=1
Using MMap File storage backend.
Store destroy invoked.
Store id to destroy: 2
Store with id=2 destroyed; Remaining stores: 0
Initializing with id=3, n=1, entry_size=480.0B, total store size=480.0B, store_type=2; num_stores=1
Using MMap File storage backend.
Store destroy invoked.
Store id to destroy: 3
Store with id=3 destroyed; Remaining stores: 0
Initializing with id=4, n=1, entry_size=480.0B, total store size=480.0B, store_type=2; num_stores=1
Using MMap File storage backend.
Store destroy invoked.
Store id to destroy: 4
Store with id=4 destroyed; Remaining stores: 0
took=0.942564, config=num_runs_: 5 capacity_: 2 num_levels_: 2 locality_factor_: 1 base_block_size_: 64 store_path_: /home/ubuntu/data/tests/ssd/nocache/ min_val_len_: 0 max_val_len_: 0 is_data_mem_: 0 is_aux_mem_: 0 is_ssd_: 1 is_cached_: 0 data_file_: 
+ rm -rf /home/ubuntu/data/tests/ssd/nocache/
+ for n in ${ns[@]}
+ mkdir -p /home/ubuntu/data/tests/ssd/nocache/
+ ../cmake-build-relwithdebinfo/src/bench/crimes_omap --print_csv_headers -r 5 -v 64 -N 2 -p /home/ubuntu/data/tests/ssd/nocache/ -a -d
Initializing with id=0, n=3, entry_size=480.0B, total store size=1.4KiB, store_type=2; num_stores=1
Using MMap File storage backend.
Store destroy invoked.
Store id to destroy: 0
Store with id=0 destroyed; Remaining stores: 0
Initializing with id=1, n=3, entry_size=480.0B, total store size=1.4KiB, store_type=2; num_stores=1
Using MMap File storage backend.
Store destroy invoked.
Store id to destroy: 1
Store with id=1 destroyed; Remaining stores: 0
Initializing with id=2, n=3, entry_size=480.0B, total store size=1.4KiB, store_type=2; num_stores=1
Using MMap File storage backend.
Store destroy invoked.
Store id to destroy: 2
Store with id=2 destroyed; Remaining stores: 0
Initializing with id=3, n=3, entry_size=480.0B, total store size=1.4KiB, store_type=2; num_stores=1
Using MMap File storage backend.
Store destroy invoked.
Store id to destroy: 3
Store with id=3 destroyed; Remaining stores: 0
Initializing with id=4, n=3, entry_size=480.0B, total store size=1.4KiB, store_type=2; num_stores=1
Using MMap File storage backend.
Store destroy invoked.
Store id to destroy: 4
Store with id=4 destroyed; Remaining stores: 0
took=1.03269, config=num_runs_: 5 capacity_: 4 num_levels_: 3 locality_factor_: 1 base_block_size_: 64 store_path_: /home/ubuntu/data/tests/ssd/nocache/ min_val_len_: 0 max_val_len_: 0 is_data_mem_: 0 is_aux_mem_: 0 is_ssd_: 1 is_cached_: 0 data_file_: 
+ rm -rf /home/ubuntu/data/tests/ssd/nocache/
+ for n in ${ns[@]}
+ mkdir -p /home/ubuntu/data/tests/ssd/nocache/
+ ../cmake-build-relwithdebinfo/src/bench/crimes_omap --print_csv_headers -r 5 -v 64 -N 3 -p /home/ubuntu/data/tests/ssd/nocache/ -a -d
Initializing with id=0, n=7, entry_size=480.0B, total store size=3.2KiB, store_type=2; num_stores=1
Using MMap File storage backend.
Store destroy invoked.
Store id to destroy: 0
Store with id=0 destroyed; Remaining stores: 0
Initializing with id=1, n=7, entry_size=480.0B, total store size=3.2KiB, store_type=2; num_stores=1
Using MMap File storage backend.
Store destroy invoked.
Store id to destroy: 1
Store with id=1 destroyed; Remaining stores: 0
Initializing with id=2, n=7, entry_size=480.0B, total store size=3.2KiB, store_type=2; num_stores=1
Using MMap File storage backend.
Store destroy invoked.
Store id to destroy: 2
Store with id=2 destroyed; Remaining stores: 0
Initializing with id=3, n=7, entry_size=480.0B, total store size=3.2KiB, store_type=2; num_stores=1
Using MMap File storage backend.
Store destroy invoked.
Store id to destroy: 3
Store with id=3 destroyed; Remaining stores: 0
Initializing with id=4, n=7, entry_size=480.0B, total store size=3.2KiB, store_type=2; num_stores=1
Using MMap File storage backend.
Store destroy invoked.
Store id to destroy: 4
Store with id=4 destroyed; Remaining stores: 0
took=1.28363, config=num_runs_: 5 capacity_: 8 num_levels_: 4 locality_factor_: 1 base_block_size_: 64 store_path_: /home/ubuntu/data/tests/ssd/nocache/ min_val_len_: 0 max_val_len_: 0 is_data_mem_: 0 is_aux_mem_: 0 is_ssd_: 1 is_cached_: 0 data_file_: 
+ rm -rf /home/ubuntu/data/tests/ssd/nocache/
+ for n in ${ns[@]}
+ mkdir -p /home/ubuntu/data/tests/ssd/nocache/
+ ../cmake-build-relwithdebinfo/src/bench/crimes_omap --print_csv_headers -r 5 -v 64 -N 4 -p /home/ubuntu/data/tests/ssd/nocache/ -a -d
Initializing with id=0, n=15, entry_size=480.0B, total store size=7.0KiB, store_type=2; num_stores=1
Using MMap File storage backend.
Store destroy invoked.
Store id to destroy: 0
Store with id=0 destroyed; Remaining stores: 0
Initializing with id=1, n=15, entry_size=480.0B, total store size=7.0KiB, store_type=2; num_stores=1
Using MMap File storage backend.
Store destroy invoked.
Store id to destroy: 1
Store with id=1 destroyed; Remaining stores: 0
Initializing with id=2, n=15, entry_size=480.0B, total store size=7.0KiB, store_type=2; num_stores=1
Using MMap File storage backend.
Store destroy invoked.
Store id to destroy: 2
Store with id=2 destroyed; Remaining stores: 0
Initializing with id=3, n=15, entry_size=480.0B, total store size=7.0KiB, store_type=2; num_stores=1
Using MMap File storage backend.
Store destroy invoked.
Store id to destroy: 3
Store with id=3 destroyed; Remaining stores: 0
Initializing with id=4, n=15, entry_size=480.0B, total store size=7.0KiB, store_type=2; num_stores=1
Using MMap File storage backend.
Store destroy invoked.
Store id to destroy: 4
Store with id=4 destroyed; Remaining stores: 0
took=1.6383, config=num_runs_: 5 capacity_: 16 num_levels_: 5 locality_factor_: 1 base_block_size_: 64 store_path_: /home/ubuntu/data/tests/ssd/nocache/ min_val_len_: 0 max_val_len_: 0 is_data_mem_: 0 is_aux_mem_: 0 is_ssd_: 1 is_cached_: 0 data_file_: 
+ rm -rf /home/ubuntu/data/tests/ssd/nocache/
+ for n in ${ns[@]}
+ mkdir -p /home/ubuntu/data/tests/ssd/nocache/
+ ../cmake-build-relwithdebinfo/src/bench/crimes_omap --print_csv_headers -r 5 -v 64 -N 5 -p /home/ubuntu/data/tests/ssd/nocache/ -a -d
Initializing with id=0, n=31, entry_size=480.0B, total store size=14.5KiB, store_type=2; num_stores=1
Using MMap File storage backend.
Store destroy invoked.
Store id to destroy: 0
Store with id=0 destroyed; Remaining stores: 0
Initializing with id=1, n=31, entry_size=480.0B, total store size=14.5KiB, store_type=2; num_stores=1
Using MMap File storage backend.
Store destroy invoked.
Store id to destroy: 1
Store with id=1 destroyed; Remaining stores: 0
Initializing with id=2, n=31, entry_size=480.0B, total store size=14.5KiB, store_type=2; num_stores=1
Using MMap File storage backend.
Store destroy invoked.
Store id to destroy: 2
Store with id=2 destroyed; Remaining stores: 0
Initializing with id=3, n=31, entry_size=480.0B, total store size=14.5KiB, store_type=2; num_stores=1
Using MMap File storage backend.
Store destroy invoked.
Store id to destroy: 3
Store with id=3 destroyed; Remaining stores: 0
Initializing with id=4, n=31, entry_size=480.0B, total store size=14.5KiB, store_type=2; num_stores=1
Using MMap File storage backend.
Store destroy invoked.
Store id to destroy: 4
Store with id=4 destroyed; Remaining stores: 0
took=2.18824, config=num_runs_: 5 capacity_: 32 num_levels_: 6 locality_factor_: 1 base_block_size_: 64 store_path_: /home/ubuntu/data/tests/ssd/nocache/ min_val_len_: 0 max_val_len_: 0 is_data_mem_: 0 is_aux_mem_: 0 is_ssd_: 1 is_cached_: 0 data_file_: 
+ rm -rf /home/ubuntu/data/tests/ssd/nocache/
+ for n in ${ns[@]}
+ mkdir -p /home/ubuntu/data/tests/ssd/nocache/
+ ../cmake-build-relwithdebinfo/src/bench/crimes_omap --print_csv_headers -r 5 -v 64 -N 6 -p /home/ubuntu/data/tests/ssd/nocache/ -a -d
Initializing with id=0, n=63, entry_size=480.0B, total store size=29.5KiB, store_type=2; num_stores=1
Using MMap File storage backend.
Store destroy invoked.
Store id to destroy: 0
Store with id=0 destroyed; Remaining stores: 0
Initializing with id=1, n=63, entry_size=480.0B, total store size=29.5KiB, store_type=2; num_stores=1
Using MMap File storage backend.
Store destroy invoked.
Store id to destroy: 1
Store with id=1 destroyed; Remaining stores: 0
Initializing with id=2, n=63, entry_size=480.0B, total store size=29.5KiB, store_type=2; num_stores=1
Using MMap File storage backend.
Store destroy invoked.
Store id to destroy: 2
Store with id=2 destroyed; Remaining stores: 0
Initializing with id=3, n=63, entry_size=480.0B, total store size=29.5KiB, store_type=2; num_stores=1
Using MMap File storage backend.
Store destroy invoked.
Store id to destroy: 3
Store with id=3 destroyed; Remaining stores: 0
Initializing with id=4, n=63, entry_size=480.0B, total store size=29.5KiB, store_type=2; num_stores=1
Using MMap File storage backend.
Store destroy invoked.
Store id to destroy: 4
Store with id=4 destroyed; Remaining stores: 0
took=3.1234, config=num_runs_: 5 capacity_: 64 num_levels_: 7 locality_factor_: 1 base_block_size_: 64 store_path_: /home/ubuntu/data/tests/ssd/nocache/ min_val_len_: 0 max_val_len_: 0 is_data_mem_: 0 is_aux_mem_: 0 is_ssd_: 1 is_cached_: 0 data_file_: 
+ rm -rf /home/ubuntu/data/tests/ssd/nocache/
+ for n in ${ns[@]}
+ mkdir -p /home/ubuntu/data/tests/ssd/nocache/
+ ../cmake-build-relwithdebinfo/src/bench/crimes_omap --print_csv_headers -r 5 -v 64 -N 7 -p /home/ubuntu/data/tests/ssd/nocache/ -a -d
Initializing with id=0, n=127, entry_size=480.0B, total store size=59.5KiB, store_type=2; num_stores=1
Using MMap File storage backend.
Store destroy invoked.
Store id to destroy: 0
Store with id=0 destroyed; Remaining stores: 0
Initializing with id=1, n=127, entry_size=480.0B, total store size=59.5KiB, store_type=2; num_stores=1
Using MMap File storage backend.
Store destroy invoked.
Store id to destroy: 1
Store with id=1 destroyed; Remaining stores: 0
Initializing with id=2, n=127, entry_size=480.0B, total store size=59.5KiB, store_type=2; num_stores=1
Using MMap File storage backend.
Store destroy invoked.
Store id to destroy: 2
Store with id=2 destroyed; Remaining stores: 0
Initializing with id=3, n=127, entry_size=480.0B, total store size=59.5KiB, store_type=2; num_stores=1
Using MMap File storage backend.
Store destroy invoked.
Store id to destroy: 3
Store with id=3 destroyed; Remaining stores: 0
Initializing with id=4, n=127, entry_size=480.0B, total store size=59.5KiB, store_type=2; num_stores=1
Using MMap File storage backend.
Store destroy invoked.
Store id to destroy: 4
Store with id=4 destroyed; Remaining stores: 0
took=4.03121, config=num_runs_: 5 capacity_: 128 num_levels_: 8 locality_factor_: 1 base_block_size_: 64 store_path_: /home/ubuntu/data/tests/ssd/nocache/ min_val_len_: 0 max_val_len_: 0 is_data_mem_: 0 is_aux_mem_: 0 is_ssd_: 1 is_cached_: 0 data_file_: 
+ rm -rf /home/ubuntu/data/tests/ssd/nocache/
+ for n in ${ns[@]}
+ mkdir -p /home/ubuntu/data/tests/ssd/nocache/
+ ../cmake-build-relwithdebinfo/src/bench/crimes_omap --print_csv_headers -r 5 -v 64 -N 8 -p /home/ubuntu/data/tests/ssd/nocache/ -a -d
Initializing with id=0, n=255, entry_size=480.0B, total store size=119.5KiB, store_type=2; num_stores=1
Using MMap File storage backend.
Store destroy invoked.
Store id to destroy: 0
Store with id=0 destroyed; Remaining stores: 0
Initializing with id=1, n=255, entry_size=480.0B, total store size=119.5KiB, store_type=2; num_stores=1
Using MMap File storage backend.
Store destroy invoked.
Store id to destroy: 1
Store with id=1 destroyed; Remaining stores: 0
Initializing with id=2, n=255, entry_size=480.0B, total store size=119.5KiB, store_type=2; num_stores=1
Using MMap File storage backend.
Store destroy invoked.
Store id to destroy: 2
Store with id=2 destroyed; Remaining stores: 0
Initializing with id=3, n=255, entry_size=480.0B, total store size=119.5KiB, store_type=2; num_stores=1
Using MMap File storage backend.
Store destroy invoked.
Store id to destroy: 3
Store with id=3 destroyed; Remaining stores: 0
Initializing with id=4, n=255, entry_size=480.0B, total store size=119.5KiB, store_type=2; num_stores=1
Using MMap File storage backend.
Store destroy invoked.
Store id to destroy: 4
Store with id=4 destroyed; Remaining stores: 0
took=5.33518, config=num_runs_: 5 capacity_: 256 num_levels_: 9 locality_factor_: 1 base_block_size_: 64 store_path_: /home/ubuntu/data/tests/ssd/nocache/ min_val_len_: 0 max_val_len_: 0 is_data_mem_: 0 is_aux_mem_: 0 is_ssd_: 1 is_cached_: 0 data_file_: 
+ rm -rf /home/ubuntu/data/tests/ssd/nocache/
+ for n in ${ns[@]}
+ mkdir -p /home/ubuntu/data/tests/ssd/nocache/
+ ../cmake-build-relwithdebinfo/src/bench/crimes_omap --print_csv_headers -r 5 -v 64 -N 9 -p /home/ubuntu/data/tests/ssd/nocache/ -a -d
Initializing with id=0, n=511, entry_size=480.0B, total store size=239.5KiB, store_type=2; num_stores=1
Using MMap File storage backend.
Store destroy invoked.
Store id to destroy: 0
Store with id=0 destroyed; Remaining stores: 0
Initializing with id=1, n=511, entry_size=480.0B, total store size=239.5KiB, store_type=2; num_stores=1
Using MMap File storage backend.
Store destroy invoked.
Store id to destroy: 1
Store with id=1 destroyed; Remaining stores: 0
Initializing with id=2, n=511, entry_size=480.0B, total store size=239.5KiB, store_type=2; num_stores=1
Using MMap File storage backend.
Store destroy invoked.
Store id to destroy: 2
Store with id=2 destroyed; Remaining stores: 0
Initializing with id=3, n=511, entry_size=480.0B, total store size=239.5KiB, store_type=2; num_stores=1
Using MMap File storage backend.
Store destroy invoked.
Store id to destroy: 3
Store with id=3 destroyed; Remaining stores: 0
Initializing with id=4, n=511, entry_size=480.0B, total store size=239.5KiB, store_type=2; num_stores=1
Using MMap File storage backend.
Store destroy invoked.
Store id to destroy: 4
Store with id=4 destroyed; Remaining stores: 0
took=7.10504, config=num_runs_: 5 capacity_: 512 num_levels_: 10 locality_factor_: 1 base_block_size_: 64 store_path_: /home/ubuntu/data/tests/ssd/nocache/ min_val_len_: 0 max_val_len_: 0 is_data_mem_: 0 is_aux_mem_: 0 is_ssd_: 1 is_cached_: 0 data_file_: 
+ rm -rf /home/ubuntu/data/tests/ssd/nocache/
+ for n in ${ns[@]}
+ mkdir -p /home/ubuntu/data/tests/ssd/nocache/
+ ../cmake-build-relwithdebinfo/src/bench/crimes_omap --print_csv_headers -r 5 -v 64 -N 10 -p /home/ubuntu/data/tests/ssd/nocache/ -a -d
Initializing with id=0, n=1023, entry_size=480.0B, total store size=479.5KiB, store_type=2; num_stores=1
Using MMap File storage backend.
Store destroy invoked.
Store id to destroy: 0
Store with id=0 destroyed; Remaining stores: 0
Initializing with id=1, n=1023, entry_size=480.0B, total store size=479.5KiB, store_type=2; num_stores=1
Using MMap File storage backend.
Store destroy invoked.
Store id to destroy: 1
Store with id=1 destroyed; Remaining stores: 0
Initializing with id=2, n=1023, entry_size=480.0B, total store size=479.5KiB, store_type=2; num_stores=1
Using MMap File storage backend.
Store destroy invoked.
Store id to destroy: 2
Store with id=2 destroyed; Remaining stores: 0
Initializing with id=3, n=1023, entry_size=480.0B, total store size=479.5KiB, store_type=2; num_stores=1
Using MMap File storage backend.
Store destroy invoked.
Store id to destroy: 3
Store with id=3 destroyed; Remaining stores: 0
Initializing with id=4, n=1023, entry_size=480.0B, total store size=479.5KiB, store_type=2; num_stores=1
Using MMap File storage backend.
Store destroy invoked.
Store id to destroy: 4
Store with id=4 destroyed; Remaining stores: 0
took=12.5001, config=num_runs_: 5 capacity_: 1024 num_levels_: 11 locality_factor_: 1 base_block_size_: 64 store_path_: /home/ubuntu/data/tests/ssd/nocache/ min_val_len_: 0 max_val_len_: 0 is_data_mem_: 0 is_aux_mem_: 0 is_ssd_: 1 is_cached_: 0 data_file_: 
+ rm -rf /home/ubuntu/data/tests/ssd/nocache/
+ for n in ${ns[@]}
+ mkdir -p /home/ubuntu/data/tests/ssd/nocache/
+ ../cmake-build-relwithdebinfo/src/bench/crimes_omap --print_csv_headers -r 5 -v 64 -N 11 -p /home/ubuntu/data/tests/ssd/nocache/ -a -d
Initializing with id=0, n=2047, entry_size=480.0B, total store size=959.5KiB, store_type=2; num_stores=1
Using MMap File storage backend.
Store destroy invoked.
Store id to destroy: 0
Store with id=0 destroyed; Remaining stores: 0
Initializing with id=1, n=2047, entry_size=480.0B, total store size=959.5KiB, store_type=2; num_stores=1
Using MMap File storage backend.
Store destroy invoked.
Store id to destroy: 1
Store with id=1 destroyed; Remaining stores: 0
Initializing with id=2, n=2047, entry_size=480.0B, total store size=959.5KiB, store_type=2; num_stores=1
Using MMap File storage backend.
Store destroy invoked.
Store id to destroy: 2
Store with id=2 destroyed; Remaining stores: 0
Initializing with id=3, n=2047, entry_size=480.0B, total store size=959.5KiB, store_type=2; num_stores=1
Using MMap File storage backend.
Store destroy invoked.
Store id to destroy: 3
Store with id=3 destroyed; Remaining stores: 0
Initializing with id=4, n=2047, entry_size=480.0B, total store size=959.5KiB, store_type=2; num_stores=1
Using MMap File storage backend.
Store destroy invoked.
Store id to destroy: 4
Store with id=4 destroyed; Remaining stores: 0
took=10.5518, config=num_runs_: 5 capacity_: 2048 num_levels_: 12 locality_factor_: 1 base_block_size_: 64 store_path_: /home/ubuntu/data/tests/ssd/nocache/ min_val_len_: 0 max_val_len_: 0 is_data_mem_: 0 is_aux_mem_: 0 is_ssd_: 1 is_cached_: 0 data_file_: 
+ rm -rf /home/ubuntu/data/tests/ssd/nocache/
+ for n in ${ns[@]}
+ mkdir -p /home/ubuntu/data/tests/ssd/nocache/
+ ../cmake-build-relwithdebinfo/src/bench/crimes_omap --print_csv_headers -r 5 -v 64 -N 12 -p /home/ubuntu/data/tests/ssd/nocache/ -a -d
Initializing with id=0, n=4095, entry_size=480.0B, total store size=1.8MiB, store_type=2; num_stores=1
Using MMap File storage backend.
Store destroy invoked.
Store id to destroy: 0
Store with id=0 destroyed; Remaining stores: 0
Initializing with id=1, n=4095, entry_size=480.0B, total store size=1.8MiB, store_type=2; num_stores=1
Using MMap File storage backend.
Store destroy invoked.
Store id to destroy: 1
Store with id=1 destroyed; Remaining stores: 0
Initializing with id=2, n=4095, entry_size=480.0B, total store size=1.8MiB, store_type=2; num_stores=1
Using MMap File storage backend.
Store destroy invoked.
Store id to destroy: 2
Store with id=2 destroyed; Remaining stores: 0
Initializing with id=3, n=4095, entry_size=480.0B, total store size=1.8MiB, store_type=2; num_stores=1
Using MMap File storage backend.
Store destroy invoked.
Store id to destroy: 3
Store with id=3 destroyed; Remaining stores: 0
Initializing with id=4, n=4095, entry_size=480.0B, total store size=1.8MiB, store_type=2; num_stores=1
Using MMap File storage backend.
Store destroy invoked.
Store id to destroy: 4
Store with id=4 destroyed; Remaining stores: 0
took=12.6712, config=num_runs_: 5 capacity_: 4096 num_levels_: 13 locality_factor_: 1 base_block_size_: 64 store_path_: /home/ubuntu/data/tests/ssd/nocache/ min_val_len_: 0 max_val_len_: 0 is_data_mem_: 0 is_aux_mem_: 0 is_ssd_: 1 is_cached_: 0 data_file_: 
+ rm -rf /home/ubuntu/data/tests/ssd/nocache/
+ for n in ${ns[@]}
+ mkdir -p /home/ubuntu/data/tests/ssd/nocache/
+ ../cmake-build-relwithdebinfo/src/bench/crimes_omap --print_csv_headers -r 5 -v 64 -N 13 -p /home/ubuntu/data/tests/ssd/nocache/ -a -d
Initializing with id=0, n=8191, entry_size=480.0B, total store size=3.7MiB, store_type=2; num_stores=1
Using MMap File storage backend.
Store destroy invoked.
Store id to destroy: 0
Store with id=0 destroyed; Remaining stores: 0
Initializing with id=1, n=8191, entry_size=480.0B, total store size=3.7MiB, store_type=2; num_stores=1
Using MMap File storage backend.
Store destroy invoked.
Store id to destroy: 1
Store with id=1 destroyed; Remaining stores: 0
Initializing with id=2, n=8191, entry_size=480.0B, total store size=3.7MiB, store_type=2; num_stores=1
Using MMap File storage backend.
Store destroy invoked.
Store id to destroy: 2
Store with id=2 destroyed; Remaining stores: 0
Initializing with id=3, n=8191, entry_size=480.0B, total store size=3.7MiB, store_type=2; num_stores=1
Using MMap File storage backend.
Store destroy invoked.
Store id to destroy: 3
Store with id=3 destroyed; Remaining stores: 0
Initializing with id=4, n=8191, entry_size=480.0B, total store size=3.7MiB, store_type=2; num_stores=1
Using MMap File storage backend.
Store destroy invoked.
Store id to destroy: 4
Store with id=4 destroyed; Remaining stores: 0
took=15.7197, config=num_runs_: 5 capacity_: 8192 num_levels_: 14 locality_factor_: 1 base_block_size_: 64 store_path_: /home/ubuntu/data/tests/ssd/nocache/ min_val_len_: 0 max_val_len_: 0 is_data_mem_: 0 is_aux_mem_: 0 is_ssd_: 1 is_cached_: 0 data_file_: 
+ rm -rf /home/ubuntu/data/tests/ssd/nocache/
+ for n in ${ns[@]}
+ mkdir -p /home/ubuntu/data/tests/ssd/nocache/
+ ../cmake-build-relwithdebinfo/src/bench/crimes_omap --print_csv_headers -r 5 -v 64 -N 14 -p /home/ubuntu/data/tests/ssd/nocache/ -a -d
Initializing with id=0, n=16383, entry_size=480.0B, total store size=7.4MiB, store_type=2; num_stores=1
Using MMap File storage backend.
Store destroy invoked.
Store id to destroy: 0
Store with id=0 destroyed; Remaining stores: 0
Initializing with id=1, n=16383, entry_size=480.0B, total store size=7.4MiB, store_type=2; num_stores=1
Using MMap File storage backend.
Store destroy invoked.
Store id to destroy: 1
Store with id=1 destroyed; Remaining stores: 0
Initializing with id=2, n=16383, entry_size=480.0B, total store size=7.4MiB, store_type=2; num_stores=1
Using MMap File storage backend.
Store destroy invoked.
Store id to destroy: 2
Store with id=2 destroyed; Remaining stores: 0
Initializing with id=3, n=16383, entry_size=480.0B, total store size=7.4MiB, store_type=2; num_stores=1
Using MMap File storage backend.
Store destroy invoked.
Store id to destroy: 3
Store with id=3 destroyed; Remaining stores: 0
Initializing with id=4, n=16383, entry_size=480.0B, total store size=7.4MiB, store_type=2; num_stores=1
Using MMap File storage backend.
Store destroy invoked.
Store id to destroy: 4
Store with id=4 destroyed; Remaining stores: 0
took=18.3576, config=num_runs_: 5 capacity_: 16384 num_levels_: 15 locality_factor_: 1 base_block_size_: 64 store_path_: /home/ubuntu/data/tests/ssd/nocache/ min_val_len_: 0 max_val_len_: 0 is_data_mem_: 0 is_aux_mem_: 0 is_ssd_: 1 is_cached_: 0 data_file_: 
+ rm -rf /home/ubuntu/data/tests/ssd/nocache/
+ for n in ${ns[@]}
+ mkdir -p /home/ubuntu/data/tests/ssd/nocache/
+ ../cmake-build-relwithdebinfo/src/bench/crimes_omap --print_csv_headers -r 5 -v 64 -N 15 -p /home/ubuntu/data/tests/ssd/nocache/ -a -d
Initializing with id=0, n=32767, entry_size=480.0B, total store size=14.9MiB, store_type=2; num_stores=1
Using MMap File storage backend.
Store destroy invoked.
Store id to destroy: 0
Store with id=0 destroyed; Remaining stores: 0
Initializing with id=1, n=32767, entry_size=480.0B, total store size=14.9MiB, store_type=2; num_stores=1
Using MMap File storage backend.
Store destroy invoked.
Store id to destroy: 1
Store with id=1 destroyed; Remaining stores: 0
Initializing with id=2, n=32767, entry_size=480.0B, total store size=14.9MiB, store_type=2; num_stores=1
Using MMap File storage backend.
Store destroy invoked.
Store id to destroy: 2
Store with id=2 destroyed; Remaining stores: 0
Initializing with id=3, n=32767, entry_size=480.0B, total store size=14.9MiB, store_type=2; num_stores=1
Using MMap File storage backend.
Store destroy invoked.
Store id to destroy: 3
Store with id=3 destroyed; Remaining stores: 0
Initializing with id=4, n=32767, entry_size=480.0B, total store size=14.9MiB, store_type=2; num_stores=1
Using MMap File storage backend.
Store destroy invoked.
Store id to destroy: 4
Store with id=4 destroyed; Remaining stores: 0
took=21.2851, config=num_runs_: 5 capacity_: 32768 num_levels_: 16 locality_factor_: 1 base_block_size_: 64 store_path_: /home/ubuntu/data/tests/ssd/nocache/ min_val_len_: 0 max_val_len_: 0 is_data_mem_: 0 is_aux_mem_: 0 is_ssd_: 1 is_cached_: 0 data_file_: 
+ rm -rf /home/ubuntu/data/tests/ssd/nocache/
+ for n in ${ns[@]}
+ mkdir -p /home/ubuntu/data/tests/ssd/nocache/
+ ../cmake-build-relwithdebinfo/src/bench/crimes_omap --print_csv_headers -r 5 -v 64 -N 16 -p /home/ubuntu/data/tests/ssd/nocache/ -a -d
Initializing with id=0, n=65535, entry_size=480.0B, total store size=29.9MiB, store_type=2; num_stores=1
Using MMap File storage backend.
Store destroy invoked.
Store id to destroy: 0
Store with id=0 destroyed; Remaining stores: 0
Initializing with id=1, n=65535, entry_size=480.0B, total store size=29.9MiB, store_type=2; num_stores=1
Using MMap File storage backend.
Store destroy invoked.
Store id to destroy: 1
Store with id=1 destroyed; Remaining stores: 0
Initializing with id=2, n=65535, entry_size=480.0B, total store size=29.9MiB, store_type=2; num_stores=1
Using MMap File storage backend.
Store destroy invoked.
Store id to destroy: 2
Store with id=2 destroyed; Remaining stores: 0
Initializing with id=3, n=65535, entry_size=480.0B, total store size=29.9MiB, store_type=2; num_stores=1
Using MMap File storage backend.
Store destroy invoked.
Store id to destroy: 3
Store with id=3 destroyed; Remaining stores: 0
Initializing with id=4, n=65535, entry_size=480.0B, total store size=29.9MiB, store_type=2; num_stores=1
Using MMap File storage backend.
Store destroy invoked.
Store id to destroy: 4
Store with id=4 destroyed; Remaining stores: 0
took=24.3277, config=num_runs_: 5 capacity_: 65536 num_levels_: 17 locality_factor_: 1 base_block_size_: 64 store_path_: /home/ubuntu/data/tests/ssd/nocache/ min_val_len_: 0 max_val_len_: 0 is_data_mem_: 0 is_aux_mem_: 0 is_ssd_: 1 is_cached_: 0 data_file_: 
+ rm -rf /home/ubuntu/data/tests/ssd/nocache/
+ for n in ${ns[@]}
+ mkdir -p /home/ubuntu/data/tests/ssd/nocache/
+ ../cmake-build-relwithdebinfo/src/bench/crimes_omap --print_csv_headers -r 5 -v 64 -N 17 -p /home/ubuntu/data/tests/ssd/nocache/ -a -d
Initializing with id=0, n=131071, entry_size=480.0B, total store size=59.9MiB, store_type=2; num_stores=1
Using MMap File storage backend.
Store destroy invoked.
Store id to destroy: 0
Store with id=0 destroyed; Remaining stores: 0
Initializing with id=1, n=131071, entry_size=480.0B, total store size=59.9MiB, store_type=2; num_stores=1
Using MMap File storage backend.
Store destroy invoked.
Store id to destroy: 1
Store with id=1 destroyed; Remaining stores: 0
Initializing with id=2, n=131071, entry_size=480.0B, total store size=59.9MiB, store_type=2; num_stores=1
Using MMap File storage backend.
Store destroy invoked.
Store id to destroy: 2
Store with id=2 destroyed; Remaining stores: 0
Initializing with id=3, n=131071, entry_size=480.0B, total store size=59.9MiB, store_type=2; num_stores=1
Using MMap File storage backend.
Store destroy invoked.
Store id to destroy: 3
Store with id=3 destroyed; Remaining stores: 0
Initializing with id=4, n=131071, entry_size=480.0B, total store size=59.9MiB, store_type=2; num_stores=1
Using MMap File storage backend.
Store destroy invoked.
Store id to destroy: 4
Store with id=4 destroyed; Remaining stores: 0
took=26.8049, config=num_runs_: 5 capacity_: 131072 num_levels_: 18 locality_factor_: 1 base_block_size_: 64 store_path_: /home/ubuntu/data/tests/ssd/nocache/ min_val_len_: 0 max_val_len_: 0 is_data_mem_: 0 is_aux_mem_: 0 is_ssd_: 1 is_cached_: 0 data_file_: 
+ rm -rf /home/ubuntu/data/tests/ssd/nocache/
+ for n in ${ns[@]}
+ mkdir -p /home/ubuntu/data/tests/ssd/nocache/
+ ../cmake-build-relwithdebinfo/src/bench/crimes_omap --print_csv_headers -r 5 -v 64 -N 18 -p /home/ubuntu/data/tests/ssd/nocache/ -a -d
Initializing with id=0, n=262143, entry_size=480.0B, total store size=119.9MiB, store_type=2; num_stores=1
Using MMap File storage backend.
Store destroy invoked.
Store id to destroy: 0
Store with id=0 destroyed; Remaining stores: 0
Initializing with id=1, n=262143, entry_size=480.0B, total store size=119.9MiB, store_type=2; num_stores=1
Using MMap File storage backend.
Store destroy invoked.
Store id to destroy: 1
Store with id=1 destroyed; Remaining stores: 0
Initializing with id=2, n=262143, entry_size=480.0B, total store size=119.9MiB, store_type=2; num_stores=1
Using MMap File storage backend.
Store destroy invoked.
Store id to destroy: 2
Store with id=2 destroyed; Remaining stores: 0
Initializing with id=3, n=262143, entry_size=480.0B, total store size=119.9MiB, store_type=2; num_stores=1
Using MMap File storage backend.
Store destroy invoked.
Store id to destroy: 3
Store with id=3 destroyed; Remaining stores: 0
Initializing with id=4, n=262143, entry_size=480.0B, total store size=119.9MiB, store_type=2; num_stores=1
Using MMap File storage backend.
Store destroy invoked.
Store id to destroy: 4
Store with id=4 destroyed; Remaining stores: 0
took=31.6744, config=num_runs_: 5 capacity_: 262144 num_levels_: 19 locality_factor_: 1 base_block_size_: 64 store_path_: /home/ubuntu/data/tests/ssd/nocache/ min_val_len_: 0 max_val_len_: 0 is_data_mem_: 0 is_aux_mem_: 0 is_ssd_: 1 is_cached_: 0 data_file_: 
+ rm -rf /home/ubuntu/data/tests/ssd/nocache/
+ for n in ${ns[@]}
+ mkdir -p /home/ubuntu/data/tests/ssd/nocache/
+ ../cmake-build-relwithdebinfo/src/bench/crimes_omap --print_csv_headers -r 5 -v 64 -N 19 -p /home/ubuntu/data/tests/ssd/nocache/ -a -d
Initializing with id=0, n=524287, entry_size=480.0B, total store size=239.9MiB, store_type=2; num_stores=1
Using MMap File storage backend.
Store destroy invoked.
Store id to destroy: 0
Store with id=0 destroyed; Remaining stores: 0
Initializing with id=1, n=524287, entry_size=480.0B, total store size=239.9MiB, store_type=2; num_stores=1
Using MMap File storage backend.
Store destroy invoked.
Store id to destroy: 1
Store with id=1 destroyed; Remaining stores: 0
Initializing with id=2, n=524287, entry_size=480.0B, total store size=239.9MiB, store_type=2; num_stores=1
Using MMap File storage backend.
Store destroy invoked.
Store id to destroy: 2
Store with id=2 destroyed; Remaining stores: 0
Initializing with id=3, n=524287, entry_size=480.0B, total store size=239.9MiB, store_type=2; num_stores=1
Using MMap File storage backend.
Store destroy invoked.
Store id to destroy: 3
Store with id=3 destroyed; Remaining stores: 0
Initializing with id=4, n=524287, entry_size=480.0B, total store size=239.9MiB, store_type=2; num_stores=1
Using MMap File storage backend.
Store destroy invoked.
Store id to destroy: 4
took=42.813, config=num_runs_: 5 capacity_: 524288 num_levels_: 20 locality_factor_: 1 base_block_size_: 64 store_path_: /home/ubuntu/data/tests/ssd/nocache/ min_val_len_: 0 max_val_len_: 0 is_data_mem_: 0 is_aux_mem_: 0 is_ssd_: 1 is_cached_: 0 data_file_: 
Store with id=4 destroyed; Remaining stores: 0
+ rm -rf /home/ubuntu/data/tests/ssd/nocache/
+ for n in ${ns[@]}
+ mkdir -p /home/ubuntu/data/tests/ssd/nocache/
+ ../cmake-build-relwithdebinfo/src/bench/crimes_omap --print_csv_headers -r 5 -v 64 -N 20 -p /home/ubuntu/data/tests/ssd/nocache/ -a -d
Initializing with id=0, n=1048575, entry_size=480.0B, total store size=479.9MiB, store_type=2; num_stores=1
Using MMap File storage backend.
Store destroy invoked.
Store id to destroy: 0
Store with id=0 destroyed; Remaining stores: 0
Initializing with id=1, n=1048575, entry_size=480.0B, total store size=479.9MiB, store_type=2; num_stores=1
Using MMap File storage backend.
Store destroy invoked.
Store id to destroy: 1
Store with id=1 destroyed; Remaining stores: 0
Initializing with id=2, n=1048575, entry_size=480.0B, total store size=479.9MiB, store_type=2; num_stores=1
Using MMap File storage backend.
Store destroy invoked.
Store id to destroy: 2
Store with id=2 destroyed; Remaining stores: 0
Initializing with id=3, n=1048575, entry_size=480.0B, total store size=479.9MiB, store_type=2; num_stores=1
Using MMap File storage backend.
Store destroy invoked.
Store id to destroy: 3
Store with id=3 destroyed; Remaining stores: 0
Initializing with id=4, n=1048575, entry_size=480.0B, total store size=479.9MiB, store_type=2; num_stores=1
Using MMap File storage backend.
Store destroy invoked.
Store id to destroy: 4
took=62.9601, config=num_runs_: 5 capacity_: 1048576 num_levels_: 21 locality_factor_: 1 base_block_size_: 64 store_path_: /home/ubuntu/data/tests/ssd/nocache/ min_val_len_: 0 max_val_len_: 0 is_data_mem_: 0 is_aux_mem_: 0 is_ssd_: 1 is_cached_: 0 data_file_: 
Store with id=4 destroyed; Remaining stores: 0
+ rm -rf /home/ubuntu/data/tests/ssd/nocache/
+ for n in ${ns[@]}
+ mkdir -p /home/ubuntu/data/tests/ssd/nocache/
+ ../cmake-build-relwithdebinfo/src/bench/crimes_omap --print_csv_headers -r 5 -v 64 -N 21 -p /home/ubuntu/data/tests/ssd/nocache/ -a -d
Initializing with id=0, n=2097151, entry_size=480.0B, total store size=959.9MiB, store_type=2; num_stores=1
Using MMap File storage backend.
Store destroy invoked.
Store id to destroy: 0
Store with id=0 destroyed; Remaining stores: 0
Initializing with id=1, n=2097151, entry_size=480.0B, total store size=959.9MiB, store_type=2; num_stores=1
Using MMap File storage backend.
Store destroy invoked.
Store id to destroy: 1
Store with id=1 destroyed; Remaining stores: 0
Initializing with id=2, n=2097151, entry_size=480.0B, total store size=959.9MiB, store_type=2; num_stores=1
Using MMap File storage backend.
Store destroy invoked.
Store id to destroy: 2
Store with id=2 destroyed; Remaining stores: 0
Initializing with id=3, n=2097151, entry_size=480.0B, total store size=959.9MiB, store_type=2; num_stores=1
Using MMap File storage backend.
Store destroy invoked.
Store id to destroy: 3
Store with id=3 destroyed; Remaining stores: 0
Initializing with id=4, n=2097151, entry_size=480.0B, total store size=959.9MiB, store_type=2; num_stores=1
Using MMap File storage backend.
Store destroy invoked.
Store id to destroy: 4
took=85.2706, config=num_runs_: 5 capacity_: 2097152 num_levels_: 22 locality_factor_: 1 base_block_size_: 64 store_path_: /home/ubuntu/data/tests/ssd/nocache/ min_val_len_: 0 max_val_len_: 0 is_data_mem_: 0 is_aux_mem_: 0 is_ssd_: 1 is_cached_: 0 data_file_: 
Store with id=4 destroyed; Remaining stores: 0
+ rm -rf /home/ubuntu/data/tests/ssd/nocache/
+ for n in ${ns[@]}
+ mkdir -p /home/ubuntu/data/tests/ssd/nocache/
+ ../cmake-build-relwithdebinfo/src/bench/crimes_omap --print_csv_headers -r 5 -v 64 -N 22 -p /home/ubuntu/data/tests/ssd/nocache/ -a -d
Initializing with id=0, n=4194303, entry_size=480.0B, total store size=1.8GiB, store_type=2; num_stores=1
Using MMap File storage backend.
Store destroy invoked.
Store id to destroy: 0
Store with id=0 destroyed; Remaining stores: 0
Initializing with id=1, n=4194303, entry_size=480.0B, total store size=1.8GiB, store_type=2; num_stores=1
Using MMap File storage backend.
Store destroy invoked.
Store id to destroy: 1
Store with id=1 destroyed; Remaining stores: 0
Initializing with id=2, n=4194303, entry_size=480.0B, total store size=1.8GiB, store_type=2; num_stores=1
Using MMap File storage backend.
Store destroy invoked.
Store id to destroy: 2
Store with id=2 destroyed; Remaining stores: 0
Initializing with id=3, n=4194303, entry_size=480.0B, total store size=1.8GiB, store_type=2; num_stores=1
Using MMap File storage backend.
Store destroy invoked.
Store id to destroy: 3
Store with id=3 destroyed; Remaining stores: 0
Initializing with id=4, n=4194303, entry_size=480.0B, total store size=1.8GiB, store_type=2; num_stores=1
Using MMap File storage backend.
Store destroy invoked.
Store id to destroy: 4
took=113.983, config=num_runs_: 5 capacity_: 4194304 num_levels_: 23 locality_factor_: 1 base_block_size_: 64 store_path_: /home/ubuntu/data/tests/ssd/nocache/ min_val_len_: 0 max_val_len_: 0 is_data_mem_: 0 is_aux_mem_: 0 is_ssd_: 1 is_cached_: 0 data_file_: 
Store with id=4 destroyed; Remaining stores: 0
+ rm -rf /home/ubuntu/data/tests/ssd/nocache/
+ for n in ${ns[@]}
+ mkdir -p /home/ubuntu/data/tests/ssd/nocache/
+ ../cmake-build-relwithdebinfo/src/bench/crimes_omap --print_csv_headers -r 5 -v 64 -N 23 -p /home/ubuntu/data/tests/ssd/nocache/ -a -d
Initializing with id=0, n=8388607, entry_size=480.0B, total store size=3.7GiB, store_type=2; num_stores=1
Using MMap File storage backend.
Store destroy invoked.
Store id to destroy: 0
