+ ex=../cmake-build-relwithdebinfo/src/bench/crimes_omap
+ num_runs=2
+ bbs=64
++ seq 1 24
+ ns='1
2
3
4
5
6
7
8
9
10
11
12
13
14
15
16
17
18
19
20
21
22
23
24'
+ ssd_base_path=/home/ubuntu/data/tests/ssd/nocache/
+ rm -rf /home/ubuntu/data/tests/ssd/nocache/
+ for n in ${ns[@]}
+ mkdir -p /home/ubuntu/data/tests/ssd/nocache/
+ ../cmake-build-relwithdebinfo/src/bench/crimes_omap --print_csv_headers -r 2 -v 64 -N 1 -p /home/ubuntu/data/tests/ssd/nocache/ -a -d
Initializing with id=0, n=1, entry_size=480.0B, total store size=480.0B, store_type=2; num_stores=1
Using MMap File storage backend.
Store destroy invoked.
Store id to destroy: 0
Store with id=0 destroyed; Remaining stores: 0
Initializing with id=1, n=1, entry_size=480.0B, total store size=480.0B, store_type=2; num_stores=1
Using MMap File storage backend.
Store destroy invoked.
Store id to destroy: 1
Store with id=1 destroyed; Remaining stores: 0
took=0.448932, config=num_runs_: 2 capacity_: 2 num_levels_: 2 locality_factor_: 1 base_block_size_: 64 store_path_: /home/ubuntu/data/tests/ssd/nocache/ min_val_len_: 0 max_val_len_: 0 is_data_mem_: 0 is_aux_mem_: 0 is_ssd_: 1 is_cached_: 0 data_file_: 
+ rm -rf /home/ubuntu/data/tests/ssd/nocache/
+ for n in ${ns[@]}
+ mkdir -p /home/ubuntu/data/tests/ssd/nocache/
+ ../cmake-build-relwithdebinfo/src/bench/crimes_omap --print_csv_headers -r 2 -v 64 -N 2 -p /home/ubuntu/data/tests/ssd/nocache/ -a -d
Initializing with id=0, n=3, entry_size=480.0B, total store size=1.4KiB, store_type=2; num_stores=1
Using MMap File storage backend.
Store destroy invoked.
Store id to destroy: 0
Store with id=0 destroyed; Remaining stores: 0
Initializing with id=1, n=3, entry_size=480.0B, total store size=1.4KiB, store_type=2; num_stores=1
Using MMap File storage backend.
Store destroy invoked.
Store id to destroy: 1
Store with id=1 destroyed; Remaining stores: 0
took=0.430547, config=num_runs_: 2 capacity_: 4 num_levels_: 3 locality_factor_: 1 base_block_size_: 64 store_path_: /home/ubuntu/data/tests/ssd/nocache/ min_val_len_: 0 max_val_len_: 0 is_data_mem_: 0 is_aux_mem_: 0 is_ssd_: 1 is_cached_: 0 data_file_: 
+ rm -rf /home/ubuntu/data/tests/ssd/nocache/
+ for n in ${ns[@]}
+ mkdir -p /home/ubuntu/data/tests/ssd/nocache/
+ ../cmake-build-relwithdebinfo/src/bench/crimes_omap --print_csv_headers -r 2 -v 64 -N 3 -p /home/ubuntu/data/tests/ssd/nocache/ -a -d
Initializing with id=0, n=7, entry_size=480.0B, total store size=3.2KiB, store_type=2; num_stores=1
Using MMap File storage backend.
Store destroy invoked.
Store id to destroy: 0
Store with id=0 destroyed; Remaining stores: 0
Initializing with id=1, n=7, entry_size=480.0B, total store size=3.2KiB, store_type=2; num_stores=1
Using MMap File storage backend.
Store destroy invoked.
Store id to destroy: 1
Store with id=1 destroyed; Remaining stores: 0
took=0.498483, config=num_runs_: 2 capacity_: 8 num_levels_: 4 locality_factor_: 1 base_block_size_: 64 store_path_: /home/ubuntu/data/tests/ssd/nocache/ min_val_len_: 0 max_val_len_: 0 is_data_mem_: 0 is_aux_mem_: 0 is_ssd_: 1 is_cached_: 0 data_file_: 
+ rm -rf /home/ubuntu/data/tests/ssd/nocache/
+ for n in ${ns[@]}
+ mkdir -p /home/ubuntu/data/tests/ssd/nocache/
+ ../cmake-build-relwithdebinfo/src/bench/crimes_omap --print_csv_headers -r 2 -v 64 -N 4 -p /home/ubuntu/data/tests/ssd/nocache/ -a -d
Initializing with id=0, n=15, entry_size=480.0B, total store size=7.0KiB, store_type=2; num_stores=1
Using MMap File storage backend.
Store destroy invoked.
Store id to destroy: 0
Store with id=0 destroyed; Remaining stores: 0
Initializing with id=1, n=15, entry_size=480.0B, total store size=7.0KiB, store_type=2; num_stores=1
Using MMap File storage backend.
Store destroy invoked.
Store id to destroy: 1
Store with id=1 destroyed; Remaining stores: 0
took=0.608204, config=num_runs_: 2 capacity_: 16 num_levels_: 5 locality_factor_: 1 base_block_size_: 64 store_path_: /home/ubuntu/data/tests/ssd/nocache/ min_val_len_: 0 max_val_len_: 0 is_data_mem_: 0 is_aux_mem_: 0 is_ssd_: 1 is_cached_: 0 data_file_: 
+ rm -rf /home/ubuntu/data/tests/ssd/nocache/
+ for n in ${ns[@]}
+ mkdir -p /home/ubuntu/data/tests/ssd/nocache/
+ ../cmake-build-relwithdebinfo/src/bench/crimes_omap --print_csv_headers -r 2 -v 64 -N 5 -p /home/ubuntu/data/tests/ssd/nocache/ -a -d
Initializing with id=0, n=31, entry_size=480.0B, total store size=14.5KiB, store_type=2; num_stores=1
Using MMap File storage backend.
Store destroy invoked.
Store id to destroy: 0
Store with id=0 destroyed; Remaining stores: 0
Initializing with id=1, n=31, entry_size=480.0B, total store size=14.5KiB, store_type=2; num_stores=1
Using MMap File storage backend.
Store destroy invoked.
Store id to destroy: 1
Store with id=1 destroyed; Remaining stores: 0
took=0.834006, config=num_runs_: 2 capacity_: 32 num_levels_: 6 locality_factor_: 1 base_block_size_: 64 store_path_: /home/ubuntu/data/tests/ssd/nocache/ min_val_len_: 0 max_val_len_: 0 is_data_mem_: 0 is_aux_mem_: 0 is_ssd_: 1 is_cached_: 0 data_file_: 
+ rm -rf /home/ubuntu/data/tests/ssd/nocache/
+ for n in ${ns[@]}
+ mkdir -p /home/ubuntu/data/tests/ssd/nocache/
+ ../cmake-build-relwithdebinfo/src/bench/crimes_omap --print_csv_headers -r 2 -v 64 -N 6 -p /home/ubuntu/data/tests/ssd/nocache/ -a -d
Initializing with id=0, n=63, entry_size=480.0B, total store size=29.5KiB, store_type=2; num_stores=1
Using MMap File storage backend.
Store destroy invoked.
Store id to destroy: 0
Store with id=0 destroyed; Remaining stores: 0
Initializing with id=1, n=63, entry_size=480.0B, total store size=29.5KiB, store_type=2; num_stores=1
Using MMap File storage backend.
Store destroy invoked.
Store id to destroy: 1
Store with id=1 destroyed; Remaining stores: 0
took=1.14858, config=num_runs_: 2 capacity_: 64 num_levels_: 7 locality_factor_: 1 base_block_size_: 64 store_path_: /home/ubuntu/data/tests/ssd/nocache/ min_val_len_: 0 max_val_len_: 0 is_data_mem_: 0 is_aux_mem_: 0 is_ssd_: 1 is_cached_: 0 data_file_: 
+ rm -rf /home/ubuntu/data/tests/ssd/nocache/
+ for n in ${ns[@]}
+ mkdir -p /home/ubuntu/data/tests/ssd/nocache/
+ ../cmake-build-relwithdebinfo/src/bench/crimes_omap --print_csv_headers -r 2 -v 64 -N 7 -p /home/ubuntu/data/tests/ssd/nocache/ -a -d
Initializing with id=0, n=127, entry_size=480.0B, total store size=59.5KiB, store_type=2; num_stores=1
Using MMap File storage backend.
Store destroy invoked.
Store id to destroy: 0
Store with id=0 destroyed; Remaining stores: 0
Initializing with id=1, n=127, entry_size=480.0B, total store size=59.5KiB, store_type=2; num_stores=1
Using MMap File storage backend.
Store destroy invoked.
Store id to destroy: 1
Store with id=1 destroyed; Remaining stores: 0
took=1.4593, config=num_runs_: 2 capacity_: 128 num_levels_: 8 locality_factor_: 1 base_block_size_: 64 store_path_: /home/ubuntu/data/tests/ssd/nocache/ min_val_len_: 0 max_val_len_: 0 is_data_mem_: 0 is_aux_mem_: 0 is_ssd_: 1 is_cached_: 0 data_file_: 
+ rm -rf /home/ubuntu/data/tests/ssd/nocache/
+ for n in ${ns[@]}
+ mkdir -p /home/ubuntu/data/tests/ssd/nocache/
+ ../cmake-build-relwithdebinfo/src/bench/crimes_omap --print_csv_headers -r 2 -v 64 -N 8 -p /home/ubuntu/data/tests/ssd/nocache/ -a -d
Initializing with id=0, n=255, entry_size=480.0B, total store size=119.5KiB, store_type=2; num_stores=1
Using MMap File storage backend.
Store destroy invoked.
Store id to destroy: 0
Store with id=0 destroyed; Remaining stores: 0
Initializing with id=1, n=255, entry_size=480.0B, total store size=119.5KiB, store_type=2; num_stores=1
Using MMap File storage backend.
Store destroy invoked.
Store id to destroy: 1
Store with id=1 destroyed; Remaining stores: 0
took=1.90413, config=num_runs_: 2 capacity_: 256 num_levels_: 9 locality_factor_: 1 base_block_size_: 64 store_path_: /home/ubuntu/data/tests/ssd/nocache/ min_val_len_: 0 max_val_len_: 0 is_data_mem_: 0 is_aux_mem_: 0 is_ssd_: 1 is_cached_: 0 data_file_: 
+ rm -rf /home/ubuntu/data/tests/ssd/nocache/
+ for n in ${ns[@]}
+ mkdir -p /home/ubuntu/data/tests/ssd/nocache/
+ ../cmake-build-relwithdebinfo/src/bench/crimes_omap --print_csv_headers -r 2 -v 64 -N 9 -p /home/ubuntu/data/tests/ssd/nocache/ -a -d
Initializing with id=0, n=511, entry_size=480.0B, total store size=239.5KiB, store_type=2; num_stores=1
Using MMap File storage backend.
Store destroy invoked.
Store id to destroy: 0
Store with id=0 destroyed; Remaining stores: 0
Initializing with id=1, n=511, entry_size=480.0B, total store size=239.5KiB, store_type=2; num_stores=1
Using MMap File storage backend.
Store destroy invoked.
Store id to destroy: 1
Store with id=1 destroyed; Remaining stores: 0
took=2.2764, config=num_runs_: 2 capacity_: 512 num_levels_: 10 locality_factor_: 1 base_block_size_: 64 store_path_: /home/ubuntu/data/tests/ssd/nocache/ min_val_len_: 0 max_val_len_: 0 is_data_mem_: 0 is_aux_mem_: 0 is_ssd_: 1 is_cached_: 0 data_file_: 
+ rm -rf /home/ubuntu/data/tests/ssd/nocache/
+ for n in ${ns[@]}
+ mkdir -p /home/ubuntu/data/tests/ssd/nocache/
+ ../cmake-build-relwithdebinfo/src/bench/crimes_omap --print_csv_headers -r 2 -v 64 -N 10 -p /home/ubuntu/data/tests/ssd/nocache/ -a -d
Initializing with id=0, n=1023, entry_size=480.0B, total store size=479.5KiB, store_type=2; num_stores=1
Using MMap File storage backend.
Store destroy invoked.
Store id to destroy: 0
Store with id=0 destroyed; Remaining stores: 0
Initializing with id=1, n=1023, entry_size=480.0B, total store size=479.5KiB, store_type=2; num_stores=1
Using MMap File storage backend.
Store destroy invoked.
Store id to destroy: 1
Store with id=1 destroyed; Remaining stores: 0
took=2.8315, config=num_runs_: 2 capacity_: 1024 num_levels_: 11 locality_factor_: 1 base_block_size_: 64 store_path_: /home/ubuntu/data/tests/ssd/nocache/ min_val_len_: 0 max_val_len_: 0 is_data_mem_: 0 is_aux_mem_: 0 is_ssd_: 1 is_cached_: 0 data_file_: 
+ rm -rf /home/ubuntu/data/tests/ssd/nocache/
+ for n in ${ns[@]}
+ mkdir -p /home/ubuntu/data/tests/ssd/nocache/
+ ../cmake-build-relwithdebinfo/src/bench/crimes_omap --print_csv_headers -r 2 -v 64 -N 11 -p /home/ubuntu/data/tests/ssd/nocache/ -a -d
Initializing with id=0, n=2047, entry_size=480.0B, total store size=959.5KiB, store_type=2; num_stores=1
Using MMap File storage backend.
Store destroy invoked.
Store id to destroy: 0
Store with id=0 destroyed; Remaining stores: 0
Initializing with id=1, n=2047, entry_size=480.0B, total store size=959.5KiB, store_type=2; num_stores=1
Using MMap File storage backend.
Store destroy invoked.
Store id to destroy: 1
Store with id=1 destroyed; Remaining stores: 0
took=3.35428, config=num_runs_: 2 capacity_: 2048 num_levels_: 12 locality_factor_: 1 base_block_size_: 64 store_path_: /home/ubuntu/data/tests/ssd/nocache/ min_val_len_: 0 max_val_len_: 0 is_data_mem_: 0 is_aux_mem_: 0 is_ssd_: 1 is_cached_: 0 data_file_: 
+ rm -rf /home/ubuntu/data/tests/ssd/nocache/
+ for n in ${ns[@]}
+ mkdir -p /home/ubuntu/data/tests/ssd/nocache/
+ ../cmake-build-relwithdebinfo/src/bench/crimes_omap --print_csv_headers -r 2 -v 64 -N 12 -p /home/ubuntu/data/tests/ssd/nocache/ -a -d
Initializing with id=0, n=4095, entry_size=480.0B, total store size=1.8MiB, store_type=2; num_stores=1
Using MMap File storage backend.
Store destroy invoked.
Store id to destroy: 0
Store with id=0 destroyed; Remaining stores: 0
Initializing with id=1, n=4095, entry_size=480.0B, total store size=1.8MiB, store_type=2; num_stores=1
Using MMap File storage backend.
Store destroy invoked.
Store id to destroy: 1
Store with id=1 destroyed; Remaining stores: 0
took=4.05927, config=num_runs_: 2 capacity_: 4096 num_levels_: 13 locality_factor_: 1 base_block_size_: 64 store_path_: /home/ubuntu/data/tests/ssd/nocache/ min_val_len_: 0 max_val_len_: 0 is_data_mem_: 0 is_aux_mem_: 0 is_ssd_: 1 is_cached_: 0 data_file_: 
+ rm -rf /home/ubuntu/data/tests/ssd/nocache/
+ for n in ${ns[@]}
+ mkdir -p /home/ubuntu/data/tests/ssd/nocache/
+ ../cmake-build-relwithdebinfo/src/bench/crimes_omap --print_csv_headers -r 2 -v 64 -N 13 -p /home/ubuntu/data/tests/ssd/nocache/ -a -d
Initializing with id=0, n=8191, entry_size=480.0B, total store size=3.7MiB, store_type=2; num_stores=1
Using MMap File storage backend.
Store destroy invoked.
Store id to destroy: 0
Store with id=0 destroyed; Remaining stores: 0
Initializing with id=1, n=8191, entry_size=480.0B, total store size=3.7MiB, store_type=2; num_stores=1
Using MMap File storage backend.
Store destroy invoked.
Store id to destroy: 1
Store with id=1 destroyed; Remaining stores: 0
took=4.8394, config=num_runs_: 2 capacity_: 8192 num_levels_: 14 locality_factor_: 1 base_block_size_: 64 store_path_: /home/ubuntu/data/tests/ssd/nocache/ min_val_len_: 0 max_val_len_: 0 is_data_mem_: 0 is_aux_mem_: 0 is_ssd_: 1 is_cached_: 0 data_file_: 
+ rm -rf /home/ubuntu/data/tests/ssd/nocache/
+ for n in ${ns[@]}
+ mkdir -p /home/ubuntu/data/tests/ssd/nocache/
+ ../cmake-build-relwithdebinfo/src/bench/crimes_omap --print_csv_headers -r 2 -v 64 -N 14 -p /home/ubuntu/data/tests/ssd/nocache/ -a -d
Initializing with id=0, n=16383, entry_size=480.0B, total store size=7.4MiB, store_type=2; num_stores=1
Using MMap File storage backend.
Store destroy invoked.
Store id to destroy: 0
Store with id=0 destroyed; Remaining stores: 0
Initializing with id=1, n=16383, entry_size=480.0B, total store size=7.4MiB, store_type=2; num_stores=1
Using MMap File storage backend.
Store destroy invoked.
Store id to destroy: 1
Store with id=1 destroyed; Remaining stores: 0
took=5.68484, config=num_runs_: 2 capacity_: 16384 num_levels_: 15 locality_factor_: 1 base_block_size_: 64 store_path_: /home/ubuntu/data/tests/ssd/nocache/ min_val_len_: 0 max_val_len_: 0 is_data_mem_: 0 is_aux_mem_: 0 is_ssd_: 1 is_cached_: 0 data_file_: 
+ rm -rf /home/ubuntu/data/tests/ssd/nocache/
+ for n in ${ns[@]}
+ mkdir -p /home/ubuntu/data/tests/ssd/nocache/
+ ../cmake-build-relwithdebinfo/src/bench/crimes_omap --print_csv_headers -r 2 -v 64 -N 15 -p /home/ubuntu/data/tests/ssd/nocache/ -a -d
Initializing with id=0, n=32767, entry_size=480.0B, total store size=14.9MiB, store_type=2; num_stores=1
Using MMap File storage backend.
Store destroy invoked.
Store id to destroy: 0
Store with id=0 destroyed; Remaining stores: 0
Initializing with id=1, n=32767, entry_size=480.0B, total store size=14.9MiB, store_type=2; num_stores=1
Using MMap File storage backend.
Store destroy invoked.
Store id to destroy: 1
Store with id=1 destroyed; Remaining stores: 0
took=6.54011, config=num_runs_: 2 capacity_: 32768 num_levels_: 16 locality_factor_: 1 base_block_size_: 64 store_path_: /home/ubuntu/data/tests/ssd/nocache/ min_val_len_: 0 max_val_len_: 0 is_data_mem_: 0 is_aux_mem_: 0 is_ssd_: 1 is_cached_: 0 data_file_: 
+ rm -rf /home/ubuntu/data/tests/ssd/nocache/
+ for n in ${ns[@]}
+ mkdir -p /home/ubuntu/data/tests/ssd/nocache/
+ ../cmake-build-relwithdebinfo/src/bench/crimes_omap --print_csv_headers -r 2 -v 64 -N 16 -p /home/ubuntu/data/tests/ssd/nocache/ -a -d
Initializing with id=0, n=65535, entry_size=480.0B, total store size=29.9MiB, store_type=2; num_stores=1
Using MMap File storage backend.
Store destroy invoked.
Store id to destroy: 0
Store with id=0 destroyed; Remaining stores: 0
Initializing with id=1, n=65535, entry_size=480.0B, total store size=29.9MiB, store_type=2; num_stores=1
Using MMap File storage backend.
Store destroy invoked.
Store id to destroy: 1
Store with id=1 destroyed; Remaining stores: 0
took=7.65087, config=num_runs_: 2 capacity_: 65536 num_levels_: 17 locality_factor_: 1 base_block_size_: 64 store_path_: /home/ubuntu/data/tests/ssd/nocache/ min_val_len_: 0 max_val_len_: 0 is_data_mem_: 0 is_aux_mem_: 0 is_ssd_: 1 is_cached_: 0 data_file_: 
+ rm -rf /home/ubuntu/data/tests/ssd/nocache/
+ for n in ${ns[@]}
+ mkdir -p /home/ubuntu/data/tests/ssd/nocache/
+ ../cmake-build-relwithdebinfo/src/bench/crimes_omap --print_csv_headers -r 2 -v 64 -N 17 -p /home/ubuntu/data/tests/ssd/nocache/ -a -d
Initializing with id=0, n=131071, entry_size=480.0B, total store size=59.9MiB, store_type=2; num_stores=1
Using MMap File storage backend.
Store destroy invoked.
Store id to destroy: 0
Store with id=0 destroyed; Remaining stores: 0
Initializing with id=1, n=131071, entry_size=480.0B, total store size=59.9MiB, store_type=2; num_stores=1
Using MMap File storage backend.
Store destroy invoked.
Store id to destroy: 1
Store with id=1 destroyed; Remaining stores: 0
took=8.736, config=num_runs_: 2 capacity_: 131072 num_levels_: 18 locality_factor_: 1 base_block_size_: 64 store_path_: /home/ubuntu/data/tests/ssd/nocache/ min_val_len_: 0 max_val_len_: 0 is_data_mem_: 0 is_aux_mem_: 0 is_ssd_: 1 is_cached_: 0 data_file_: 
+ rm -rf /home/ubuntu/data/tests/ssd/nocache/
+ for n in ${ns[@]}
+ mkdir -p /home/ubuntu/data/tests/ssd/nocache/
+ ../cmake-build-relwithdebinfo/src/bench/crimes_omap --print_csv_headers -r 2 -v 64 -N 18 -p /home/ubuntu/data/tests/ssd/nocache/ -a -d
Initializing with id=0, n=262143, entry_size=480.0B, total store size=119.9MiB, store_type=2; num_stores=1
Using MMap File storage backend.
Store destroy invoked.
Store id to destroy: 0
Store with id=0 destroyed; Remaining stores: 0
Initializing with id=1, n=262143, entry_size=480.0B, total store size=119.9MiB, store_type=2; num_stores=1
Using MMap File storage backend.
Store destroy invoked.
Store id to destroy: 1
Store with id=1 destroyed; Remaining stores: 0
took=10.3559, config=num_runs_: 2 capacity_: 262144 num_levels_: 19 locality_factor_: 1 base_block_size_: 64 store_path_: /home/ubuntu/data/tests/ssd/nocache/ min_val_len_: 0 max_val_len_: 0 is_data_mem_: 0 is_aux_mem_: 0 is_ssd_: 1 is_cached_: 0 data_file_: 
+ rm -rf /home/ubuntu/data/tests/ssd/nocache/
+ for n in ${ns[@]}
+ mkdir -p /home/ubuntu/data/tests/ssd/nocache/
+ ../cmake-build-relwithdebinfo/src/bench/crimes_omap --print_csv_headers -r 2 -v 64 -N 19 -p /home/ubuntu/data/tests/ssd/nocache/ -a -d
Initializing with id=0, n=524287, entry_size=480.0B, total store size=239.9MiB, store_type=2; num_stores=1
Using MMap File storage backend.
Store destroy invoked.
Store id to destroy: 0
Store with id=0 destroyed; Remaining stores: 0
Initializing with id=1, n=524287, entry_size=480.0B, total store size=239.9MiB, store_type=2; num_stores=1
Using MMap File storage backend.
Store destroy invoked.
Store id to destroy: 1
took=13.8955, config=num_runs_: 2 capacity_: 524288 num_levels_: 20 locality_factor_: 1 base_block_size_: 64 store_path_: /home/ubuntu/data/tests/ssd/nocache/ min_val_len_: 0 max_val_len_: 0 is_data_mem_: 0 is_aux_mem_: 0 is_ssd_: 1 is_cached_: 0 data_file_: 
Store with id=1 destroyed; Remaining stores: 0
+ rm -rf /home/ubuntu/data/tests/ssd/nocache/
+ for n in ${ns[@]}
+ mkdir -p /home/ubuntu/data/tests/ssd/nocache/
+ ../cmake-build-relwithdebinfo/src/bench/crimes_omap --print_csv_headers -r 2 -v 64 -N 20 -p /home/ubuntu/data/tests/ssd/nocache/ -a -d
Initializing with id=0, n=1048575, entry_size=480.0B, total store size=479.9MiB, store_type=2; num_stores=1
Using MMap File storage backend.
Store destroy invoked.
Store id to destroy: 0
Store with id=0 destroyed; Remaining stores: 0
Initializing with id=1, n=1048575, entry_size=480.0B, total store size=479.9MiB, store_type=2; num_stores=1
Using MMap File storage backend.
Store destroy invoked.
Store id to destroy: 1
took=19.3324, config=num_runs_: 2 capacity_: 1048576 num_levels_: 21 locality_factor_: 1 base_block_size_: 64 store_path_: /home/ubuntu/data/tests/ssd/nocache/ min_val_len_: 0 max_val_len_: 0 is_data_mem_: 0 is_aux_mem_: 0 is_ssd_: 1 is_cached_: 0 data_file_: 
Store with id=1 destroyed; Remaining stores: 0
+ rm -rf /home/ubuntu/data/tests/ssd/nocache/
+ for n in ${ns[@]}
+ mkdir -p /home/ubuntu/data/tests/ssd/nocache/
+ ../cmake-build-relwithdebinfo/src/bench/crimes_omap --print_csv_headers -r 2 -v 64 -N 21 -p /home/ubuntu/data/tests/ssd/nocache/ -a -d
Initializing with id=0, n=2097151, entry_size=480.0B, total store size=959.9MiB, store_type=2; num_stores=1
Using MMap File storage backend.
Store destroy invoked.
Store id to destroy: 0
Store with id=0 destroyed; Remaining stores: 0
Initializing with id=1, n=2097151, entry_size=480.0B, total store size=959.9MiB, store_type=2; num_stores=1
Using MMap File storage backend.
Store destroy invoked.
Store id to destroy: 1
took=25.5512, config=num_runs_: 2 capacity_: 2097152 num_levels_: 22 locality_factor_: 1 base_block_size_: 64 store_path_: /home/ubuntu/data/tests/ssd/nocache/ min_val_len_: 0 max_val_len_: 0 is_data_mem_: 0 is_aux_mem_: 0 is_ssd_: 1 is_cached_: 0 data_file_: 
Store with id=1 destroyed; Remaining stores: 0
+ rm -rf /home/ubuntu/data/tests/ssd/nocache/
+ for n in ${ns[@]}
+ mkdir -p /home/ubuntu/data/tests/ssd/nocache/
+ ../cmake-build-relwithdebinfo/src/bench/crimes_omap --print_csv_headers -r 2 -v 64 -N 22 -p /home/ubuntu/data/tests/ssd/nocache/ -a -d
Initializing with id=0, n=4194303, entry_size=480.0B, total store size=1.8GiB, store_type=2; num_stores=1
Using MMap File storage backend.
Store destroy invoked.
Store id to destroy: 0
Store with id=0 destroyed; Remaining stores: 0
Initializing with id=1, n=4194303, entry_size=480.0B, total store size=1.8GiB, store_type=2; num_stores=1
Using MMap File storage backend.
Store destroy invoked.
Store id to destroy: 1
took=33.434, config=num_runs_: 2 capacity_: 4194304 num_levels_: 23 locality_factor_: 1 base_block_size_: 64 store_path_: /home/ubuntu/data/tests/ssd/nocache/ min_val_len_: 0 max_val_len_: 0 is_data_mem_: 0 is_aux_mem_: 0 is_ssd_: 1 is_cached_: 0 data_file_: 
Store with id=1 destroyed; Remaining stores: 0
+ rm -rf /home/ubuntu/data/tests/ssd/nocache/
+ for n in ${ns[@]}
+ mkdir -p /home/ubuntu/data/tests/ssd/nocache/
+ ../cmake-build-relwithdebinfo/src/bench/crimes_omap --print_csv_headers -r 2 -v 64 -N 23 -p /home/ubuntu/data/tests/ssd/nocache/ -a -d
Initializing with id=0, n=8388607, entry_size=480.0B, total store size=3.7GiB, store_type=2; num_stores=1
Using MMap File storage backend.
Store destroy invoked.
Store id to destroy: 0
Store with id=0 destroyed; Remaining stores: 0
Initializing with id=1, n=8388607, entry_size=480.0B, total store size=3.7GiB, store_type=2; num_stores=1
Using MMap File storage backend.
Store destroy invoked.
Store id to destroy: 1
took=42.8063, config=num_runs_: 2 capacity_: 8388608 num_levels_: 24 locality_factor_: 1 base_block_size_: 64 store_path_: /home/ubuntu/data/tests/ssd/nocache/ min_val_len_: 0 max_val_len_: 0 is_data_mem_: 0 is_aux_mem_: 0 is_ssd_: 1 is_cached_: 0 data_file_: 
Store with id=1 destroyed; Remaining stores: 0
+ rm -rf /home/ubuntu/data/tests/ssd/nocache/
+ for n in ${ns[@]}
+ mkdir -p /home/ubuntu/data/tests/ssd/nocache/
+ ../cmake-build-relwithdebinfo/src/bench/crimes_omap --print_csv_headers -r 2 -v 64 -N 24 -p /home/ubuntu/data/tests/ssd/nocache/ -a -d
Initializing with id=0, n=16777215, entry_size=480.0B, total store size=7.5GiB, store_type=2; num_stores=1
Using MMap File storage backend.
Store destroy invoked.
Store id to destroy: 0
Store with id=0 destroyed; Remaining stores: 0
Initializing with id=1, n=16777215, entry_size=480.0B, total store size=7.5GiB, store_type=2; num_stores=1
Using MMap File storage backend.
Store destroy invoked.
Store id to destroy: 1
took=52.7731, config=num_runs_: 2 capacity_: 16777216 num_levels_: 25 locality_factor_: 1 base_block_size_: 64 store_path_: /home/ubuntu/data/tests/ssd/nocache/ min_val_len_: 0 max_val_len_: 0 is_data_mem_: 0 is_aux_mem_: 0 is_ssd_: 1 is_cached_: 0 data_file_: 
Store with id=1 destroyed; Remaining stores: 0
+ rm -rf /home/ubuntu/data/tests/ssd/nocache/
