+ ex=../cmake-build-relwithdebinfo/src/bench/crimes_omap
+ num_runs=2
+ bbs=64
++ seq 1 24
+ ns='1
2
3
4
5
6
7
8
9
10
11
12
13
14
15
16
17
18
19
20
21
22
23
24'
+ hdd_base_path=/data/ubuntu/tests/hdd/
+ rm -rf /data/ubuntu/tests/hdd/
+ for n in ${ns[@]}
+ mkdir -p /data/ubuntu/tests/hdd/
+ ../cmake-build-relwithdebinfo/src/bench/crimes_omap --print_csv_headers -r 2 -v 64 -N 1 -p /data/ubuntu/tests/hdd/ -a -d
Initializing with id=0, n=1, entry_size=480.0B, total store size=480.0B, store_type=2; num_stores=1
Using MMap File storage backend.
Store with id=0 destroyed; Remaining stores: 0
Initializing with id=1, n=1, entry_size=480.0B, total store size=480.0B, store_type=2; num_stores=1
Using MMap File storage backend.
Store with id=1 destroyed; Remaining stores: 0
took=0.0728827, config=num_runs_: 2 capacity_: 2 num_levels_: 2 locality_factor_: 1 base_block_size_: 64 store_path_: /data/ubuntu/tests/hdd/ min_val_len_: 0 max_val_len_: 0 is_data_mem_: 0 is_aux_mem_: 0 is_ssd_: 0 is_cached_: 1 data_file_: 
+ rm -rf /data/ubuntu/tests/hdd/
+ for n in ${ns[@]}
+ mkdir -p /data/ubuntu/tests/hdd/
+ ../cmake-build-relwithdebinfo/src/bench/crimes_omap --print_csv_headers -r 2 -v 64 -N 2 -p /data/ubuntu/tests/hdd/ -a -d
Initializing with id=0, n=3, entry_size=480.0B, total store size=1.4KiB, store_type=2; num_stores=1
Using MMap File storage backend.
Store with id=0 destroyed; Remaining stores: 0
Initializing with id=1, n=3, entry_size=480.0B, total store size=1.4KiB, store_type=2; num_stores=1
Using MMap File storage backend.
Store with id=1 destroyed; Remaining stores: 0
took=0.112032, config=num_runs_: 2 capacity_: 4 num_levels_: 3 locality_factor_: 1 base_block_size_: 64 store_path_: /data/ubuntu/tests/hdd/ min_val_len_: 0 max_val_len_: 0 is_data_mem_: 0 is_aux_mem_: 0 is_ssd_: 0 is_cached_: 1 data_file_: 
+ rm -rf /data/ubuntu/tests/hdd/
+ for n in ${ns[@]}
+ mkdir -p /data/ubuntu/tests/hdd/
+ ../cmake-build-relwithdebinfo/src/bench/crimes_omap --print_csv_headers -r 2 -v 64 -N 3 -p /data/ubuntu/tests/hdd/ -a -d
Initializing with id=0, n=7, entry_size=480.0B, total store size=3.2KiB, store_type=2; num_stores=1
Using MMap File storage backend.
Store with id=0 destroyed; Remaining stores: 0
Initializing with id=1, n=7, entry_size=480.0B, total store size=3.2KiB, store_type=2; num_stores=1
Using MMap File storage backend.
Store with id=1 destroyed; Remaining stores: 0
took=0.182258, config=num_runs_: 2 capacity_: 8 num_levels_: 4 locality_factor_: 1 base_block_size_: 64 store_path_: /data/ubuntu/tests/hdd/ min_val_len_: 0 max_val_len_: 0 is_data_mem_: 0 is_aux_mem_: 0 is_ssd_: 0 is_cached_: 1 data_file_: 
+ rm -rf /data/ubuntu/tests/hdd/
+ for n in ${ns[@]}
+ mkdir -p /data/ubuntu/tests/hdd/
+ ../cmake-build-relwithdebinfo/src/bench/crimes_omap --print_csv_headers -r 2 -v 64 -N 4 -p /data/ubuntu/tests/hdd/ -a -d
Initializing with id=0, n=15, entry_size=480.0B, total store size=7.0KiB, store_type=2; num_stores=1
Using MMap File storage backend.
Store with id=0 destroyed; Remaining stores: 0
Initializing with id=1, n=15, entry_size=480.0B, total store size=7.0KiB, store_type=2; num_stores=1
Using MMap File storage backend.
Store with id=1 destroyed; Remaining stores: 0
took=0.328903, config=num_runs_: 2 capacity_: 16 num_levels_: 5 locality_factor_: 1 base_block_size_: 64 store_path_: /data/ubuntu/tests/hdd/ min_val_len_: 0 max_val_len_: 0 is_data_mem_: 0 is_aux_mem_: 0 is_ssd_: 0 is_cached_: 1 data_file_: 
+ rm -rf /data/ubuntu/tests/hdd/
+ for n in ${ns[@]}
+ mkdir -p /data/ubuntu/tests/hdd/
+ ../cmake-build-relwithdebinfo/src/bench/crimes_omap --print_csv_headers -r 2 -v 64 -N 5 -p /data/ubuntu/tests/hdd/ -a -d
Initializing with id=0, n=31, entry_size=480.0B, total store size=14.5KiB, store_type=2; num_stores=1
Using MMap File storage backend.
Store with id=0 destroyed; Remaining stores: 0
Initializing with id=1, n=31, entry_size=480.0B, total store size=14.5KiB, store_type=2; num_stores=1
Using MMap File storage backend.
Store with id=1 destroyed; Remaining stores: 0
took=0.55234, config=num_runs_: 2 capacity_: 32 num_levels_: 6 locality_factor_: 1 base_block_size_: 64 store_path_: /data/ubuntu/tests/hdd/ min_val_len_: 0 max_val_len_: 0 is_data_mem_: 0 is_aux_mem_: 0 is_ssd_: 0 is_cached_: 1 data_file_: 
+ rm -rf /data/ubuntu/tests/hdd/
+ for n in ${ns[@]}
+ mkdir -p /data/ubuntu/tests/hdd/
+ ../cmake-build-relwithdebinfo/src/bench/crimes_omap --print_csv_headers -r 2 -v 64 -N 6 -p /data/ubuntu/tests/hdd/ -a -d
Initializing with id=0, n=63, entry_size=480.0B, total store size=29.5KiB, store_type=2; num_stores=1
Using MMap File storage backend.
Store with id=0 destroyed; Remaining stores: 0
Initializing with id=1, n=63, entry_size=480.0B, total store size=29.5KiB, store_type=2; num_stores=1
Using MMap File storage backend.
Store with id=1 destroyed; Remaining stores: 0
took=0.80365, config=num_runs_: 2 capacity_: 64 num_levels_: 7 locality_factor_: 1 base_block_size_: 64 store_path_: /data/ubuntu/tests/hdd/ min_val_len_: 0 max_val_len_: 0 is_data_mem_: 0 is_aux_mem_: 0 is_ssd_: 0 is_cached_: 1 data_file_: 
+ rm -rf /data/ubuntu/tests/hdd/
+ for n in ${ns[@]}
+ mkdir -p /data/ubuntu/tests/hdd/
+ ../cmake-build-relwithdebinfo/src/bench/crimes_omap --print_csv_headers -r 2 -v 64 -N 7 -p /data/ubuntu/tests/hdd/ -a -d
Initializing with id=0, n=127, entry_size=480.0B, total store size=59.5KiB, store_type=2; num_stores=1
Using MMap File storage backend.
Store with id=0 destroyed; Remaining stores: 0
Initializing with id=1, n=127, entry_size=480.0B, total store size=59.5KiB, store_type=2; num_stores=1
Using MMap File storage backend.
Store with id=1 destroyed; Remaining stores: 0
took=1.27125, config=num_runs_: 2 capacity_: 128 num_levels_: 8 locality_factor_: 1 base_block_size_: 64 store_path_: /data/ubuntu/tests/hdd/ min_val_len_: 0 max_val_len_: 0 is_data_mem_: 0 is_aux_mem_: 0 is_ssd_: 0 is_cached_: 1 data_file_: 
+ rm -rf /data/ubuntu/tests/hdd/
+ for n in ${ns[@]}
+ mkdir -p /data/ubuntu/tests/hdd/
+ ../cmake-build-relwithdebinfo/src/bench/crimes_omap --print_csv_headers -r 2 -v 64 -N 8 -p /data/ubuntu/tests/hdd/ -a -d
Initializing with id=0, n=255, entry_size=480.0B, total store size=119.5KiB, store_type=2; num_stores=1
Using MMap File storage backend.
Store with id=0 destroyed; Remaining stores: 0
Initializing with id=1, n=255, entry_size=480.0B, total store size=119.5KiB, store_type=2; num_stores=1
Using MMap File storage backend.
Store with id=1 destroyed; Remaining stores: 0
took=1.56085, config=num_runs_: 2 capacity_: 256 num_levels_: 9 locality_factor_: 1 base_block_size_: 64 store_path_: /data/ubuntu/tests/hdd/ min_val_len_: 0 max_val_len_: 0 is_data_mem_: 0 is_aux_mem_: 0 is_ssd_: 0 is_cached_: 1 data_file_: 
+ rm -rf /data/ubuntu/tests/hdd/
+ for n in ${ns[@]}
+ mkdir -p /data/ubuntu/tests/hdd/
+ ../cmake-build-relwithdebinfo/src/bench/crimes_omap --print_csv_headers -r 2 -v 64 -N 9 -p /data/ubuntu/tests/hdd/ -a -d
Initializing with id=0, n=511, entry_size=480.0B, total store size=239.5KiB, store_type=2; num_stores=1
Using MMap File storage backend.
Store with id=0 destroyed; Remaining stores: 0
Initializing with id=1, n=511, entry_size=480.0B, total store size=239.5KiB, store_type=2; num_stores=1
Using MMap File storage backend.
Store with id=1 destroyed; Remaining stores: 0
took=2.08475, config=num_runs_: 2 capacity_: 512 num_levels_: 10 locality_factor_: 1 base_block_size_: 64 store_path_: /data/ubuntu/tests/hdd/ min_val_len_: 0 max_val_len_: 0 is_data_mem_: 0 is_aux_mem_: 0 is_ssd_: 0 is_cached_: 1 data_file_: 
+ rm -rf /data/ubuntu/tests/hdd/
+ for n in ${ns[@]}
+ mkdir -p /data/ubuntu/tests/hdd/
+ ../cmake-build-relwithdebinfo/src/bench/crimes_omap --print_csv_headers -r 2 -v 64 -N 10 -p /data/ubuntu/tests/hdd/ -a -d
Initializing with id=0, n=1023, entry_size=480.0B, total store size=479.5KiB, store_type=2; num_stores=1
Using MMap File storage backend.
Store with id=0 destroyed; Remaining stores: 0
Initializing with id=1, n=1023, entry_size=480.0B, total store size=479.5KiB, store_type=2; num_stores=1
Using MMap File storage backend.
Store with id=1 destroyed; Remaining stores: 0
took=2.56008, config=num_runs_: 2 capacity_: 1024 num_levels_: 11 locality_factor_: 1 base_block_size_: 64 store_path_: /data/ubuntu/tests/hdd/ min_val_len_: 0 max_val_len_: 0 is_data_mem_: 0 is_aux_mem_: 0 is_ssd_: 0 is_cached_: 1 data_file_: 
+ rm -rf /data/ubuntu/tests/hdd/
+ for n in ${ns[@]}
+ mkdir -p /data/ubuntu/tests/hdd/
+ ../cmake-build-relwithdebinfo/src/bench/crimes_omap --print_csv_headers -r 2 -v 64 -N 11 -p /data/ubuntu/tests/hdd/ -a -d
Initializing with id=0, n=2047, entry_size=480.0B, total store size=959.5KiB, store_type=2; num_stores=1
Using MMap File storage backend.
Store with id=0 destroyed; Remaining stores: 0
Initializing with id=1, n=2047, entry_size=480.0B, total store size=959.5KiB, store_type=2; num_stores=1
Using MMap File storage backend.
Store with id=1 destroyed; Remaining stores: 0
took=3.13855, config=num_runs_: 2 capacity_: 2048 num_levels_: 12 locality_factor_: 1 base_block_size_: 64 store_path_: /data/ubuntu/tests/hdd/ min_val_len_: 0 max_val_len_: 0 is_data_mem_: 0 is_aux_mem_: 0 is_ssd_: 0 is_cached_: 1 data_file_: 
+ rm -rf /data/ubuntu/tests/hdd/
+ for n in ${ns[@]}
+ mkdir -p /data/ubuntu/tests/hdd/
+ ../cmake-build-relwithdebinfo/src/bench/crimes_omap --print_csv_headers -r 2 -v 64 -N 12 -p /data/ubuntu/tests/hdd/ -a -d
Initializing with id=0, n=4095, entry_size=480.0B, total store size=1.8MiB, store_type=2; num_stores=1
Using MMap File storage backend.
Store with id=0 destroyed; Remaining stores: 0
Initializing with id=1, n=4095, entry_size=480.0B, total store size=1.8MiB, store_type=2; num_stores=1
Using MMap File storage backend.
Store with id=1 destroyed; Remaining stores: 0
took=3.79095, config=num_runs_: 2 capacity_: 4096 num_levels_: 13 locality_factor_: 1 base_block_size_: 64 store_path_: /data/ubuntu/tests/hdd/ min_val_len_: 0 max_val_len_: 0 is_data_mem_: 0 is_aux_mem_: 0 is_ssd_: 0 is_cached_: 1 data_file_: 
+ rm -rf /data/ubuntu/tests/hdd/
+ for n in ${ns[@]}
+ mkdir -p /data/ubuntu/tests/hdd/
+ ../cmake-build-relwithdebinfo/src/bench/crimes_omap --print_csv_headers -r 2 -v 64 -N 13 -p /data/ubuntu/tests/hdd/ -a -d
Initializing with id=0, n=8191, entry_size=480.0B, total store size=3.7MiB, store_type=2; num_stores=1
Using MMap File storage backend.
Store with id=0 destroyed; Remaining stores: 0
Initializing with id=1, n=8191, entry_size=480.0B, total store size=3.7MiB, store_type=2; num_stores=1
Using MMap File storage backend.
Store with id=1 destroyed; Remaining stores: 0
took=4.63616, config=num_runs_: 2 capacity_: 8192 num_levels_: 14 locality_factor_: 1 base_block_size_: 64 store_path_: /data/ubuntu/tests/hdd/ min_val_len_: 0 max_val_len_: 0 is_data_mem_: 0 is_aux_mem_: 0 is_ssd_: 0 is_cached_: 1 data_file_: 
+ rm -rf /data/ubuntu/tests/hdd/
+ for n in ${ns[@]}
+ mkdir -p /data/ubuntu/tests/hdd/
+ ../cmake-build-relwithdebinfo/src/bench/crimes_omap --print_csv_headers -r 2 -v 64 -N 14 -p /data/ubuntu/tests/hdd/ -a -d
Initializing with id=0, n=16383, entry_size=480.0B, total store size=7.4MiB, store_type=2; num_stores=1
Using MMap File storage backend.
Store with id=0 destroyed; Remaining stores: 0
Initializing with id=1, n=16383, entry_size=480.0B, total store size=7.4MiB, store_type=2; num_stores=1
Using MMap File storage backend.
Store with id=1 destroyed; Remaining stores: 0
took=5.43994, config=num_runs_: 2 capacity_: 16384 num_levels_: 15 locality_factor_: 1 base_block_size_: 64 store_path_: /data/ubuntu/tests/hdd/ min_val_len_: 0 max_val_len_: 0 is_data_mem_: 0 is_aux_mem_: 0 is_ssd_: 0 is_cached_: 1 data_file_: 
+ rm -rf /data/ubuntu/tests/hdd/
+ for n in ${ns[@]}
+ mkdir -p /data/ubuntu/tests/hdd/
+ ../cmake-build-relwithdebinfo/src/bench/crimes_omap --print_csv_headers -r 2 -v 64 -N 15 -p /data/ubuntu/tests/hdd/ -a -d
Initializing with id=0, n=32767, entry_size=480.0B, total store size=14.9MiB, store_type=2; num_stores=1
Using MMap File storage backend.
Store with id=0 destroyed; Remaining stores: 0
Initializing with id=1, n=32767, entry_size=480.0B, total store size=14.9MiB, store_type=2; num_stores=1
Using MMap File storage backend.
Store with id=1 destroyed; Remaining stores: 0
took=6.14842, config=num_runs_: 2 capacity_: 32768 num_levels_: 16 locality_factor_: 1 base_block_size_: 64 store_path_: /data/ubuntu/tests/hdd/ min_val_len_: 0 max_val_len_: 0 is_data_mem_: 0 is_aux_mem_: 0 is_ssd_: 0 is_cached_: 1 data_file_: 
+ rm -rf /data/ubuntu/tests/hdd/
+ for n in ${ns[@]}
+ mkdir -p /data/ubuntu/tests/hdd/
+ ../cmake-build-relwithdebinfo/src/bench/crimes_omap --print_csv_headers -r 2 -v 64 -N 16 -p /data/ubuntu/tests/hdd/ -a -d
Initializing with id=0, n=65535, entry_size=480.0B, total store size=29.9MiB, store_type=2; num_stores=1
Using MMap File storage backend.
Store with id=0 destroyed; Remaining stores: 0
Initializing with id=1, n=65535, entry_size=480.0B, total store size=29.9MiB, store_type=2; num_stores=1
Using MMap File storage backend.
Store with id=1 destroyed; Remaining stores: 0
took=7.11221, config=num_runs_: 2 capacity_: 65536 num_levels_: 17 locality_factor_: 1 base_block_size_: 64 store_path_: /data/ubuntu/tests/hdd/ min_val_len_: 0 max_val_len_: 0 is_data_mem_: 0 is_aux_mem_: 0 is_ssd_: 0 is_cached_: 1 data_file_: 
+ rm -rf /data/ubuntu/tests/hdd/
+ for n in ${ns[@]}
+ mkdir -p /data/ubuntu/tests/hdd/
+ ../cmake-build-relwithdebinfo/src/bench/crimes_omap --print_csv_headers -r 2 -v 64 -N 17 -p /data/ubuntu/tests/hdd/ -a -d
Initializing with id=0, n=131071, entry_size=480.0B, total store size=59.9MiB, store_type=2; num_stores=1
Using MMap File storage backend.
Store with id=0 destroyed; Remaining stores: 0
Initializing with id=1, n=131071, entry_size=480.0B, total store size=59.9MiB, store_type=2; num_stores=1
Using MMap File storage backend.
Store with id=1 destroyed; Remaining stores: 0
took=8.24397, config=num_runs_: 2 capacity_: 131072 num_levels_: 18 locality_factor_: 1 base_block_size_: 64 store_path_: /data/ubuntu/tests/hdd/ min_val_len_: 0 max_val_len_: 0 is_data_mem_: 0 is_aux_mem_: 0 is_ssd_: 0 is_cached_: 1 data_file_: 
+ rm -rf /data/ubuntu/tests/hdd/
+ for n in ${ns[@]}
+ mkdir -p /data/ubuntu/tests/hdd/
+ ../cmake-build-relwithdebinfo/src/bench/crimes_omap --print_csv_headers -r 2 -v 64 -N 18 -p /data/ubuntu/tests/hdd/ -a -d
Initializing with id=0, n=262143, entry_size=480.0B, total store size=119.9MiB, store_type=2; num_stores=1
Using MMap File storage backend.
Store with id=0 destroyed; Remaining stores: 0
Initializing with id=1, n=262143, entry_size=480.0B, total store size=119.9MiB, store_type=2; num_stores=1
Using MMap File storage backend.
took=17.0791, config=num_runs_: 2 capacity_: 262144 num_levels_: 19 locality_factor_: 1 base_block_size_: 64 store_path_: /data/ubuntu/tests/hdd/ min_val_len_: 0 max_val_len_: 0 is_data_mem_: 0 is_aux_mem_: 0 is_ssd_: 0 is_cached_: 1 data_file_: 
Store with id=1 destroyed; Remaining stores: 0
+ rm -rf /data/ubuntu/tests/hdd/
+ for n in ${ns[@]}
+ mkdir -p /data/ubuntu/tests/hdd/
+ ../cmake-build-relwithdebinfo/src/bench/crimes_omap --print_csv_headers -r 2 -v 64 -N 19 -p /data/ubuntu/tests/hdd/ -a -d
Initializing with id=0, n=524287, entry_size=480.0B, total store size=239.9MiB, store_type=2; num_stores=1
Using MMap File storage backend.
Store with id=0 destroyed; Remaining stores: 0
Initializing with id=1, n=524287, entry_size=480.0B, total store size=239.9MiB, store_type=2; num_stores=1
Using MMap File storage backend.
took=56.2957, config=num_runs_: 2 capacity_: 524288 num_levels_: 20 locality_factor_: 1 base_block_size_: 64 store_path_: /data/ubuntu/tests/hdd/ min_val_len_: 0 max_val_len_: 0 is_data_mem_: 0 is_aux_mem_: 0 is_ssd_: 0 is_cached_: 1 data_file_: 
Store with id=1 destroyed; Remaining stores: 0
+ rm -rf /data/ubuntu/tests/hdd/
+ for n in ${ns[@]}
+ mkdir -p /data/ubuntu/tests/hdd/
+ ../cmake-build-relwithdebinfo/src/bench/crimes_omap --print_csv_headers -r 2 -v 64 -N 20 -p /data/ubuntu/tests/hdd/ -a -d
Initializing with id=0, n=1048575, entry_size=480.0B, total store size=479.9MiB, store_type=2; num_stores=1
Using MMap File storage backend.
Store with id=0 destroyed; Remaining stores: 0
Initializing with id=1, n=1048575, entry_size=480.0B, total store size=479.9MiB, store_type=2; num_stores=1
Using MMap File storage backend.
took=135.028, config=num_runs_: 2 capacity_: 1048576 num_levels_: 21 locality_factor_: 1 base_block_size_: 64 store_path_: /data/ubuntu/tests/hdd/ min_val_len_: 0 max_val_len_: 0 is_data_mem_: 0 is_aux_mem_: 0 is_ssd_: 0 is_cached_: 1 data_file_: 
Store with id=1 destroyed; Remaining stores: 0
+ rm -rf /data/ubuntu/tests/hdd/
+ for n in ${ns[@]}
+ mkdir -p /data/ubuntu/tests/hdd/
+ ../cmake-build-relwithdebinfo/src/bench/crimes_omap --print_csv_headers -r 2 -v 64 -N 21 -p /data/ubuntu/tests/hdd/ -a -d
Initializing with id=0, n=2097151, entry_size=480.0B, total store size=959.9MiB, store_type=2; num_stores=1
Using MMap File storage backend.
Store with id=0 destroyed; Remaining stores: 0
Initializing with id=1, n=2097151, entry_size=480.0B, total store size=959.9MiB, store_type=2; num_stores=1
Using MMap File storage backend.
took=244.734, config=num_runs_: 2 capacity_: 2097152 num_levels_: 22 locality_factor_: 1 base_block_size_: 64 store_path_: /data/ubuntu/tests/hdd/ min_val_len_: 0 max_val_len_: 0 is_data_mem_: 0 is_aux_mem_: 0 is_ssd_: 0 is_cached_: 1 data_file_: 
Store with id=1 destroyed; Remaining stores: 0
+ rm -rf /data/ubuntu/tests/hdd/
+ for n in ${ns[@]}
+ mkdir -p /data/ubuntu/tests/hdd/
+ ../cmake-build-relwithdebinfo/src/bench/crimes_omap --print_csv_headers -r 2 -v 64 -N 22 -p /data/ubuntu/tests/hdd/ -a -d
Initializing with id=0, n=4194303, entry_size=480.0B, total store size=1.8GiB, store_type=2; num_stores=1
Using MMap File storage backend.
Store with id=0 destroyed; Remaining stores: 0
Initializing with id=1, n=4194303, entry_size=480.0B, total store size=1.8GiB, store_type=2; num_stores=1
Using MMap File storage backend.
took=385.706, config=num_runs_: 2 capacity_: 4194304 num_levels_: 23 locality_factor_: 1 base_block_size_: 64 store_path_: /data/ubuntu/tests/hdd/ min_val_len_: 0 max_val_len_: 0 is_data_mem_: 0 is_aux_mem_: 0 is_ssd_: 0 is_cached_: 1 data_file_: 
Store with id=1 destroyed; Remaining stores: 0
+ rm -rf /data/ubuntu/tests/hdd/
+ for n in ${ns[@]}
+ mkdir -p /data/ubuntu/tests/hdd/
+ ../cmake-build-relwithdebinfo/src/bench/crimes_omap --print_csv_headers -r 2 -v 64 -N 23 -p /data/ubuntu/tests/hdd/ -a -d
Initializing with id=0, n=8388607, entry_size=480.0B, total store size=3.7GiB, store_type=2; num_stores=1
Using MMap File storage backend.
Store with id=0 destroyed; Remaining stores: 0
Initializing with id=1, n=8388607, entry_size=480.0B, total store size=3.7GiB, store_type=2; num_stores=1
Using MMap File storage backend.
took=537.684, config=num_runs_: 2 capacity_: 8388608 num_levels_: 24 locality_factor_: 1 base_block_size_: 64 store_path_: /data/ubuntu/tests/hdd/ min_val_len_: 0 max_val_len_: 0 is_data_mem_: 0 is_aux_mem_: 0 is_ssd_: 0 is_cached_: 1 data_file_: 
Store with id=1 destroyed; Remaining stores: 0
+ rm -rf /data/ubuntu/tests/hdd/
+ for n in ${ns[@]}
+ mkdir -p /data/ubuntu/tests/hdd/
+ ../cmake-build-relwithdebinfo/src/bench/crimes_omap --print_csv_headers -r 2 -v 64 -N 24 -p /data/ubuntu/tests/hdd/ -a -d
Initializing with id=0, n=16777215, entry_size=480.0B, total store size=7.5GiB, store_type=2; num_stores=1
Using MMap File storage backend.
Store with id=0 destroyed; Remaining stores: 0
Initializing with id=1, n=16777215, entry_size=480.0B, total store size=7.5GiB, store_type=2; num_stores=1
Using MMap File storage backend.
took=705.794, config=num_runs_: 2 capacity_: 16777216 num_levels_: 25 locality_factor_: 1 base_block_size_: 64 store_path_: /data/ubuntu/tests/hdd/ min_val_len_: 0 max_val_len_: 0 is_data_mem_: 0 is_aux_mem_: 0 is_ssd_: 0 is_cached_: 1 data_file_: 
Store with id=1 destroyed; Remaining stores: 0
+ rm -rf /data/ubuntu/tests/hdd/
