+ exec ./hdd.sh 10 16
+ num_runs=1
+ ss='10 16'
+ lfs=(1 8 16 32)
+ hdd_base_path=/data/ubuntu/tests/hdd/
+ mkdir -p /data/ubuntu/tests/hdd/
+ ofs_ex=../cmake-build-release/src/bench/crimes_ofs
+ omap_ex=../cmake-build-release/src/bench/crimes_omap
+ for s in ${ss[@]}
+ for lf in ${lfs[@]}
+ rm -rf /data/ubuntu/tests/hdd/
+ mkdir -p /data/ubuntu/tests/hdd/
+ ../cmake-build-release/src/bench/crimes_ofs --print_csv_headers --data_file ./kv.csv -r 1 -N 23 -s 10 -L 1 -p /data/ubuntu/tests/hdd/ -d -a
Read 0
Read 100000
Read 200000
Read 300000
Read 400000
Read 500000
Read 600000
Read 700000
Read 800000
Read 900000
Read 1000000
Read 1100000
Read 1200000
Read 1300000
Read 1400000
Read 1500000
Read 1600000
Read 1700000
Read 1800000
Read 1900000
Read 2000000
Read 2100000
Read 2200000
Read 2300000
Read 2400000
Read 2500000
Read 2600000
Read 2700000
Read 2800000
Read 2900000
Read 3000000
Read 3100000
Read 3200000
Read 3300000
Read 3400000
Read 3500000
Read 3600000
Read 3700000
Read 3800000
Read 3900000
Read 4000000
Read 4100000
Read 4200000
Read 4300000
Read 4400000
Read 4500000
Read 4600000
Read 4700000
Read 4800000
Read 4900000
Read 5000000
Read 5100000
Read 5200000
Read 5300000
Read 5400000
Read 5500000
Read 5600000
Read 5700000
Read 5800000
Read 5900000
Read 6000000
Read 6100000
Read 6200000
Read 6300000
Read 6400000
Read 6500000
Read 6600000
Read 6700000
Read 6800000
Read 6900000
Read 7000000
Read 7100000
Read 7200000
Read 7300000
Read 7400000
Read 7500000
Read 7600000
Read 7700000
Initializing with id=0, n=8388607, entry_size=128.0B, total store size=1023.9MiB, store_type=2; num_stores=1
Using MMap File storage backend.
Initializing with id=1, n=8388607, entry_size=2.5KiB, total store size=20.4GiB, store_type=2; num_stores=2
Using MMap File storage backend.
Initializing with id=2, n=8388607, entry_size=240.0B, total store size=1.8GiB, store_type=2; num_stores=3
Using MMap File storage backend.
Initializing with id=3, n=1048575, entry_size=128.0B, total store size=127.9MiB, store_type=2; num_stores=4
Using MMap File storage backend.
Initializing with id=4, n=1048575, entry_size=19.3KiB, total store size=19.3GiB, store_type=2; num_stores=5
Using MMap File storage backend.
Initializing with id=5, n=1048575, entry_size=240.0B, total store size=239.9MiB, store_type=2; num_stores=6
Using MMap File storage backend.
Initializing with id=6, n=262143, entry_size=128.0B, total store size=31.9MiB, store_type=2; num_stores=7
Using MMap File storage backend.
Initializing with id=7, n=262143, entry_size=75.5KiB, total store size=18.8GiB, store_type=2; num_stores=8
Using MMap File storage backend.
Initializing with id=8, n=262143, entry_size=240.0B, total store size=59.9MiB, store_type=2; num_stores=9
Using MMap File storage backend.
Initializing with id=9, n=32767, entry_size=128.0B, total store size=3.9MiB, store_type=2; num_stores=10
Using MMap File storage backend.
Initializing with id=10, n=32767, entry_size=601.0KiB, total store size=18.7GiB, store_type=2; num_stores=11
Using MMap File storage backend.
Initializing with id=11, n=32767, entry_size=240.0B, total store size=7.4MiB, store_type=2; num_stores=12
Using MMap File storage backend.
Initializing with id=12, n=8191, entry_size=128.0B, total store size=1023.8KiB, store_type=2; num_stores=13
Using MMap File storage backend.
Initializing with id=13, n=8191, entry_size=2.3MiB, total store size=18.7GiB, store_type=2; num_stores=14
Using MMap File storage backend.
Initializing with id=14, n=8191, entry_size=240.0B, total store size=1.8MiB, store_type=2; num_stores=15
Using MMap File storage backend.
Initializing with id=15, n=1023, entry_size=128.0B, total store size=127.8KiB, store_type=2; num_stores=16
Using MMap File storage backend.
Initializing with id=16, n=1023, entry_size=18.7MiB, total store size=18.7GiB, store_type=2; num_stores=17
Using MMap File storage backend.
Initializing with id=17, n=1023, entry_size=240.0B, total store size=239.7KiB, store_type=2; num_stores=18
Using MMap File storage backend.
Initializing with id=18, n=255, entry_size=128.0B, total store size=31.8KiB, store_type=2; num_stores=19
Using MMap File storage backend.
Initializing with id=19, n=255, entry_size=75.0MiB, total store size=18.6GiB, store_type=2; num_stores=20
Using MMap File storage backend.
Initializing with id=20, n=255, entry_size=240.0B, total store size=59.7KiB, store_type=2; num_stores=21
Using MMap File storage backend.
Initializing with id=21, n=31, entry_size=128.0B, total store size=3.8KiB, store_type=2; num_stores=22
Using MMap File storage backend.
Initializing with id=22, n=31, entry_size=600.0MiB, total store size=18.1GiB, store_type=2; num_stores=23
Using MMap File storage backend.
Initializing with id=23, n=31, entry_size=240.0B, total store size=7.2KiB, store_type=2; num_stores=24
Using MMap File storage backend.
Initializing with id=24, n=1, entry_size=2.4GiB, total store size=2.4GiB, store_type=2; num_stores=25
Using MMap File storage backend.
Initializing with id=25, n=1, entry_size=2.7GiB, total store size=2.7GiB, store_type=2; num_stores=26
Using MMap File storage backend.
Initializing with id=26, n=1, entry_size=240.0B, total store size=240.0B, store_type=2; num_stores=27
Using MMap File storage backend.
Initializing with id=27, n=8388607, entry_size=240.0B, total store size=1.8GiB, store_type=2; num_stores=28
Using MMap File storage backend.
Initializing with id=28, n=8388607, entry_size=240.0B, total store size=1.8GiB, store_type=2; num_stores=29
Using MMap File storage backend.
Inserted 10269
Inserted 22113
Inserted 22943
Inserted 24210
Inserted 24989
Inserted 26052
Inserted 26494
Inserted 27703
Inserted 30032
Inserted 30932
Inserted 31047
Inserted 32147
Inserted 36933
Inserted 37074
Inserted 38042
Inserted 54302
Inserted 226725
Inserted 227598
Inserted 1103659
Inserted 1105939
Inserted 1115358
Inserted 1123786
Inserted 1125144
Inserted 1126371
Inserted 1157489
Inserted 1157491
Inserted 1199929
Inserted 1199954
Inserted 1208421
Inserted 1208453
Inserted 1208535
Inserted 1209234
Inserted 1210001
Inserted 1210459
Inserted 1213793
Inserted 1214193
Inserted 1253057
Inserted 1253060
Inserted 1253063
Inserted 1253108
Inserted 1253144
Inserted 1253614
Inserted 1278637
Inserted 1278645
Inserted 1278700
Inserted 1280052
Inserted 1336159
Inserted 1336163
Inserted 1336171
Inserted 1336177
Inserted 1337401
Inserted 1337403
Inserted 1352897
Inserted 1352898
Inserted 1358020
Inserted 1358038
Inserted 1358041
Inserted 1359166
Inserted 1359364
Inserted 1359432
Inserted 1365220
Inserted 1366621
Inserted 1426691
Inserted 1440594
Inserted 1463912
Inserted 1463914
Inserted 1464475
Inserted 1464484
Inserted 1464493
Inserted 1489542
Inserted 1497384
Inserted 1507661
Inserted 1508131
Inserted 1547527
Inserted 1547536
Inserted 1554149
Inserted 1554150
Inserted 1554336
Inserted 1584823
Inserted 1596700
Inserted 1600117
Inserted 1601079
Inserted 1699423
Inserted 1699443
Inserted 1722144
Inserted 1757735
Inserted 1757742
Inserted 1757744
Inserted 1757745
Inserted 1757747
Inserted 1758159
Inserted 1765054
Inserted 1765062
Inserted 1766011
Inserted 1767231
Inserted 1767667
Inserted 1767668
Inserted 1767740
Inserted 1767807
Inserted 1767818
Inserted 1854101
Inserted 1854166
Inserted 1854168
Inserted 1855416
Inserted 1870172
Inserted 1968701
Inserted 1968799
Inserted 1968964
Inserted 1970049
Inserted 1970052
Inserted 1970064
Inserted 1973852
Inserted 1996052
Inserted 1996077
Inserted 1999753
Inserted 2029502
Inserted 2030142
Inserted 2031352
Inserted 2031353
Inserted 2031370
Inserted 2031371
Inserted 2031375
Inserted 2031573
Inserted 2032754
Inserted 2032756
Inserted 2039456
Inserted 2039468
Inserted 2039469
Inserted 2039471
Inserted 2039472
Inserted 2040387
Inserted 2047818
Inserted 2047825
Inserted 2047997
Inserted 2050729
Inserted 2050972
Inserted 2053206
Inserted 2053212
Inserted 2067870
Inserted 2067889
Inserted 2337919
Inserted 2350735
Inserted 2354094
Inserted 2360026
Inserted 2360370
Inserted 2418930
Inserted 2419164
Inserted 2442156
Inserted 2645150
Inserted 2645848
Inserted 2645849
Inserted 2648279
Inserted 2666850
Inserted 2667835
Inserted 2667836
Inserted 2668217
Inserted 2668219
Inserted 2668221
Inserted 2668223
Inserted 2668238
Inserted 3971867
Inserted 3980111
Inserted 3990381
Inserted 3999232
Inserted 4123444
Inserted 4258987
Inserted 4334139
Inserted 4461067
Inserted 4461163
Inserted 4461167
Inserted 4461172
Inserted 4461174
Inserted 4461563
Inserted 4462194
Inserted 4462877
Inserted 4466702
Inserted 4469545
Inserted 4469561
Inserted 4483747
Inserted 4488039
Inserted 4634426
Inserted 4664679
Inserted 4664682
Inserted 5392781
Inserted 5539470
Inserted 5539805
Inserted 5545095
Inserted 5545117
/home/ubuntu/dev/blockoram/bench-scripts/hdd.sh: line 15:  6903 Segmentation fault      (core dumped) ${ofs_ex} --print_csv_headers --data_file ./kv.csv -r ${num_runs} -N 23 -s ${s} -L ${lf} -p ${hdd_base_path} -d -a >> hdd-s${s}-lf${lf}-ofs-crimes-res.csv
+ for lf in ${lfs[@]}
+ rm -rf /data/ubuntu/tests/hdd/
+ mkdir -p /data/ubuntu/tests/hdd/
+ ../cmake-build-release/src/bench/crimes_ofs --print_csv_headers --data_file ./kv.csv -r 1 -N 23 -s 10 -L 8 -p /data/ubuntu/tests/hdd/ -d -a
Read 0
Read 100000
Read 200000
Read 300000
Read 400000
Read 500000
Read 600000
Read 700000
Read 800000
Read 900000
Read 1000000
Read 1100000
Read 1200000
Read 1300000
Read 1400000
Read 1500000
Read 1600000
Read 1700000
Read 1800000
Read 1900000
Read 2000000
Read 2100000
Read 2200000
Read 2300000
Read 2400000
Read 2500000
Read 2600000
Read 2700000
Read 2800000
Read 2900000
Read 3000000
Read 3100000
Read 3200000
Read 3300000
Read 3400000
Read 3500000
Read 3600000
Read 3700000
Read 3800000
Read 3900000
Read 4000000
Read 4100000
Read 4200000
Read 4300000
Read 4400000
Read 4500000
Read 4600000
Read 4700000
Read 4800000
Read 4900000
Read 5000000
Read 5100000
Read 5200000
Read 5300000
Read 5400000
Read 5500000
Read 5600000
Read 5700000
Read 5800000
Read 5900000
Read 6000000
Read 6100000
Read 6200000
Read 6300000
Read 6400000
Read 6500000
Read 6600000
Read 6700000
Read 6800000
Read 6900000
Read 7000000
Read 7100000
Read 7200000
Read 7300000
Read 7400000
Read 7500000
Read 7600000
Read 7700000
Initializing with id=0, n=8388607, entry_size=128.0B, total store size=1023.9MiB, store_type=2; num_stores=1
Using MMap File storage backend.
Initializing with id=1, n=8388607, entry_size=2.5KiB, total store size=20.4GiB, store_type=2; num_stores=2
Using MMap File storage backend.
Initializing with id=2, n=8388607, entry_size=240.0B, total store size=1.8GiB, store_type=2; num_stores=3
Using MMap File storage backend.
Initializing with id=3, n=2097151, entry_size=128.0B, total store size=255.9MiB, store_type=2; num_stores=4
Using MMap File storage backend.
Initializing with id=4, n=2097151, entry_size=9.6KiB, total store size=19.3GiB, store_type=2; num_stores=5
Using MMap File storage backend.
Initializing with id=5, n=2097151, entry_size=240.0B, total store size=479.9MiB, store_type=2; num_stores=6
Using MMap File storage backend.
Initializing with id=6, n=524287, entry_size=128.0B, total store size=63.9MiB, store_type=2; num_stores=7
Using MMap File storage backend.
Initializing with id=7, n=524287, entry_size=37.7KiB, total store size=18.8GiB, store_type=2; num_stores=8
Using MMap File storage backend.
Initializing with id=8, n=524287, entry_size=240.0B, total store size=119.9MiB, store_type=2; num_stores=9
Using MMap File storage backend.
Initializing with id=9, n=65535, entry_size=128.0B, total store size=7.9MiB, store_type=2; num_stores=10
Using MMap File storage backend.
Initializing with id=10, n=65535, entry_size=300.2KiB, total store size=18.7GiB, store_type=2; num_stores=11
Using MMap File storage backend.
Initializing with id=11, n=65535, entry_size=240.0B, total store size=14.9MiB, store_type=2; num_stores=12
Using MMap File storage backend.
Initializing with id=12, n=16383, entry_size=128.0B, total store size=1.9MiB, store_type=2; num_stores=13
Using MMap File storage backend.
Initializing with id=13, n=16383, entry_size=1.1MiB, total store size=18.7GiB, store_type=2; num_stores=14
Using MMap File storage backend.
Initializing with id=14, n=16383, entry_size=240.0B, total store size=3.7MiB, store_type=2; num_stores=15
Using MMap File storage backend.
Initializing with id=15, n=4095, entry_size=128.0B, total store size=511.8KiB, store_type=2; num_stores=16
Using MMap File storage backend.
Initializing with id=16, n=4095, entry_size=4.6MiB, total store size=18.7GiB, store_type=2; num_stores=17
Using MMap File storage backend.
Initializing with id=17, n=4095, entry_size=240.0B, total store size=959.7KiB, store_type=2; num_stores=18
Using MMap File storage backend.
Initializing with id=18, n=1023, entry_size=128.0B, total store size=127.8KiB, store_type=2; num_stores=19
Using MMap File storage backend.
Initializing with id=19, n=1023, entry_size=18.7MiB, total store size=18.7GiB, store_type=2; num_stores=20
Using MMap File storage backend.
Initializing with id=20, n=1023, entry_size=240.0B, total store size=239.7KiB, store_type=2; num_stores=21
Using MMap File storage backend.
Initializing with id=21, n=127, entry_size=128.0B, total store size=15.8KiB, store_type=2; num_stores=22
Using MMap File storage backend.
Initializing with id=22, n=127, entry_size=150.0MiB, total store size=18.6GiB, store_type=2; num_stores=23
Using MMap File storage backend.
Initializing with id=23, n=127, entry_size=240.0B, total store size=29.7KiB, store_type=2; num_stores=24
Using MMap File storage backend.
Initializing with id=24, n=31, entry_size=128.0B, total store size=3.8KiB, store_type=2; num_stores=25
Using MMap File storage backend.
Initializing with id=25, n=31, entry_size=600.0MiB, total store size=18.1GiB, store_type=2; num_stores=26
Using MMap File storage backend.
Initializing with id=26, n=31, entry_size=240.0B, total store size=7.2KiB, store_type=2; num_stores=27
Using MMap File storage backend.
Initializing with id=27, n=1, entry_size=2.4GiB, total store size=2.4GiB, store_type=2; num_stores=28
Using MMap File storage backend.
Initializing with id=28, n=8388607, entry_size=240.0B, total store size=1.8GiB, store_type=2; num_stores=29
Using MMap File storage backend.
Initializing with id=29, n=8388607, entry_size=240.0B, total store size=1.8GiB, store_type=2; num_stores=30
Using MMap File storage backend.
Inserted 10269
Inserted 22113
Inserted 22943
Inserted 24210
/home/ubuntu/dev/blockoram/bench-scripts/hdd.sh: line 15: 34328 Segmentation fault      (core dumped) ${ofs_ex} --print_csv_headers --data_file ./kv.csv -r ${num_runs} -N 23 -s ${s} -L ${lf} -p ${hdd_base_path} -d -a >> hdd-s${s}-lf${lf}-ofs-crimes-res.csv
+ for lf in ${lfs[@]}
+ rm -rf /data/ubuntu/tests/hdd/
+ mkdir -p /data/ubuntu/tests/hdd/
+ ../cmake-build-release/src/bench/crimes_ofs --print_csv_headers --data_file ./kv.csv -r 1 -N 23 -s 10 -L 16 -p /data/ubuntu/tests/hdd/ -d -a
Read 0
Read 100000
Read 200000
Read 300000
Read 400000
Read 500000
Read 600000
Read 700000
Read 800000
Read 900000
Read 1000000
Read 1100000
Read 1200000
Read 1300000
Read 1400000
Read 1500000
Read 1600000
Read 1700000
Read 1800000
Read 1900000
Read 2000000
Read 2100000
Read 2200000
Read 2300000
Read 2400000
Read 2500000
Read 2600000
Read 2700000
Read 2800000
Read 2900000
Read 3000000
Read 3100000
Read 3200000
Read 3300000
Read 3400000
Read 3500000
Read 3600000
Read 3700000
Read 3800000
Read 3900000
Read 4000000
Read 4100000
Read 4200000
Read 4300000
Read 4400000
Read 4500000
Read 4600000
Read 4700000
Read 4800000
Read 4900000
Read 5000000
Read 5100000
Read 5200000
Read 5300000
Read 5400000
Read 5500000
Read 5600000
Read 5700000
Read 5800000
Read 5900000
Read 6000000
Read 6100000
Read 6200000
Read 6300000
Read 6400000
Read 6500000
Read 6600000
Read 6700000
Read 6800000
Read 6900000
Read 7000000
Read 7100000
Read 7200000
Read 7300000
Read 7400000
Read 7500000
Read 7600000
Read 7700000
Initializing with id=0, n=8388607, entry_size=128.0B, total store size=1023.9MiB, store_type=2; num_stores=1
Using MMap File storage backend.
Initializing with id=1, n=8388607, entry_size=2.5KiB, total store size=20.4GiB, store_type=2; num_stores=2
Using MMap File storage backend.
Initializing with id=2, n=8388607, entry_size=240.0B, total store size=1.8GiB, store_type=2; num_stores=3
Using MMap File storage backend.
Initializing with id=3, n=2097151, entry_size=128.0B, total store size=255.9MiB, store_type=2; num_stores=4
Using MMap File storage backend.
Initializing with id=4, n=2097151, entry_size=9.7KiB, total store size=19.5GiB, store_type=2; num_stores=5
Using MMap File storage backend.
Initializing with id=5, n=2097151, entry_size=240.0B, total store size=479.9MiB, store_type=2; num_stores=6
Using MMap File storage backend.
Initializing with id=6, n=524287, entry_size=128.0B, total store size=63.9MiB, store_type=2; num_stores=7
Using MMap File storage backend.
Initializing with id=7, n=524287, entry_size=37.9KiB, total store size=18.9GiB, store_type=2; num_stores=8
Using MMap File storage backend.
Initializing with id=8, n=524287, entry_size=240.0B, total store size=119.9MiB, store_type=2; num_stores=9
Using MMap File storage backend.
Initializing with id=9, n=131071, entry_size=128.0B, total store size=15.9MiB, store_type=2; num_stores=10
Using MMap File storage backend.
Initializing with id=10, n=131071, entry_size=150.4KiB, total store size=18.8GiB, store_type=2; num_stores=11
Using MMap File storage backend.
Initializing with id=11, n=131071, entry_size=240.0B, total store size=29.9MiB, store_type=2; num_stores=12
Using MMap File storage backend.
Initializing with id=12, n=32767, entry_size=128.0B, total store size=3.9MiB, store_type=2; num_stores=13
Using MMap File storage backend.
Initializing with id=13, n=32767, entry_size=600.4KiB, total store size=18.7GiB, store_type=2; num_stores=14
Using MMap File storage backend.
Initializing with id=14, n=32767, entry_size=240.0B, total store size=7.4MiB, store_type=2; num_stores=15
Using MMap File storage backend.
Initializing with id=15, n=4095, entry_size=128.0B, total store size=511.8KiB, store_type=2; num_stores=16
Using MMap File storage backend.
Initializing with id=16, n=4095, entry_size=4.6MiB, total store size=18.7GiB, store_type=2; num_stores=17
Using MMap File storage backend.
Initializing with id=17, n=4095, entry_size=240.0B, total store size=959.7KiB, store_type=2; num_stores=18
Using MMap File storage backend.
Initializing with id=18, n=1023, entry_size=128.0B, total store size=127.8KiB, store_type=2; num_stores=19
Using MMap File storage backend.
Initializing with id=19, n=1023, entry_size=18.7MiB, total store size=18.7GiB, store_type=2; num_stores=20
Using MMap File storage backend.
Initializing with id=20, n=1023, entry_size=240.0B, total store size=239.7KiB, store_type=2; num_stores=21
Using MMap File storage backend.
Initializing with id=21, n=255, entry_size=128.0B, total store size=31.8KiB, store_type=2; num_stores=22
Using MMap File storage backend.
Initializing with id=22, n=255, entry_size=75.0MiB, total store size=18.6GiB, store_type=2; num_stores=23
Using MMap File storage backend.
Initializing with id=23, n=255, entry_size=240.0B, total store size=59.7KiB, store_type=2; num_stores=24
Using MMap File storage backend.
Initializing with id=24, n=63, entry_size=128.0B, total store size=7.8KiB, store_type=2; num_stores=25
Using MMap File storage backend.
Initializing with id=25, n=63, entry_size=300.0MiB, total store size=18.4GiB, store_type=2; num_stores=26
Using MMap File storage backend.
Initializing with id=26, n=63, entry_size=240.0B, total store size=14.7KiB, store_type=2; num_stores=27
Using MMap File storage backend.
Initializing with id=27, n=15, entry_size=128.0B, total store size=1.8KiB, store_type=2; num_stores=28
Using MMap File storage backend.
Initializing with id=28, n=15, entry_size=1.1GiB, total store size=17.5GiB, store_type=2; num_stores=29
Using MMap File storage backend.
Initializing with id=29, n=15, entry_size=240.0B, total store size=3.5KiB, store_type=2; num_stores=30
Using MMap File storage backend.
Initializing with id=30, n=8388607, entry_size=240.0B, total store size=1.8GiB, store_type=2; num_stores=31
Using MMap File storage backend.
Initializing with id=31, n=8388607, entry_size=240.0B, total store size=1.8GiB, store_type=2; num_stores=32
Using MMap File storage backend.
Inserted 10269
Inserted 22113
Inserted 22943
Inserted 24210
Inserted 24989
Inserted 26052
Inserted 26494
Inserted 27703
Inserted 30032
Inserted 30932
Inserted 31047
Inserted 32147
Inserted 36933
Inserted 37074
Inserted 38042
Inserted 54302
Inserted 226725
Inserted 227598
Inserted 1103659
Inserted 1105939
Inserted 1115358
corrupted size vs. prev_size
/home/ubuntu/dev/blockoram/bench-scripts/hdd.sh: line 15: 34771 Aborted                 (core dumped) ${ofs_ex} --print_csv_headers --data_file ./kv.csv -r ${num_runs} -N 23 -s ${s} -L ${lf} -p ${hdd_base_path} -d -a >> hdd-s${s}-lf${lf}-ofs-crimes-res.csv
+ for lf in ${lfs[@]}
+ rm -rf /data/ubuntu/tests/hdd/
+ mkdir -p /data/ubuntu/tests/hdd/
+ ../cmake-build-release/src/bench/crimes_ofs --print_csv_headers --data_file ./kv.csv -r 1 -N 23 -s 10 -L 32 -p /data/ubuntu/tests/hdd/ -d -a
Read 0
Read 100000
Read 200000
Read 300000
Read 400000
Read 500000
Read 600000
Read 700000
Read 800000
Read 900000
Read 1000000
Read 1100000
Read 1200000
Read 1300000
Read 1400000
Read 1500000
Read 1600000
Read 1700000
Read 1800000
Read 1900000
Read 2000000
Read 2100000
Read 2200000
Read 2300000
Read 2400000
Read 2500000
Read 2600000
Read 2700000
Read 2800000
Read 2900000
Read 3000000
Read 3100000
Read 3200000
Read 3300000
Read 3400000
Read 3500000
Read 3600000
Read 3700000
Read 3800000
Read 3900000
Read 4000000
Read 4100000
Read 4200000
Read 4300000
Read 4400000
Read 4500000
Read 4600000
Read 4700000
Read 4800000
Read 4900000
Read 5000000
Read 5100000
Read 5200000
Read 5300000
Read 5400000
Read 5500000
Read 5600000
Read 5700000
Read 5800000
Read 5900000
Read 6000000
Read 6100000
Read 6200000
Read 6300000
Read 6400000
Read 6500000
Read 6600000
Read 6700000
Read 6800000
Read 6900000
Read 7000000
Read 7100000
Read 7200000
Read 7300000
Read 7400000
Read 7500000
Read 7600000
Read 7700000
Initializing with id=0, n=8388607, entry_size=128.0B, total store size=1023.9MiB, store_type=2; num_stores=1
Using MMap File storage backend.
Initializing with id=1, n=8388607, entry_size=2.5KiB, total store size=20.4GiB, store_type=2; num_stores=2
Using MMap File storage backend.
Initializing with id=2, n=8388607, entry_size=240.0B, total store size=1.8GiB, store_type=2; num_stores=3
Using MMap File storage backend.
Initializing with id=3, n=2097151, entry_size=128.0B, total store size=255.9MiB, store_type=2; num_stores=4
Using MMap File storage backend.
Initializing with id=4, n=2097151, entry_size=10.0KiB, total store size=20.0GiB, store_type=2; num_stores=5
Using MMap File storage backend.
Initializing with id=5, n=2097151, entry_size=240.0B, total store size=479.9MiB, store_type=2; num_stores=6
Using MMap File storage backend.
Initializing with id=6, n=524287, entry_size=128.0B, total store size=63.9MiB, store_type=2; num_stores=7
Using MMap File storage backend.
Initializing with id=7, n=524287, entry_size=38.1KiB, total store size=19.0GiB, store_type=2; num_stores=8
Using MMap File storage backend.
Initializing with id=8, n=524287, entry_size=240.0B, total store size=119.9MiB, store_type=2; num_stores=9
Using MMap File storage backend.
Initializing with id=9, n=131071, entry_size=128.0B, total store size=15.9MiB, store_type=2; num_stores=10
Using MMap File storage backend.
Initializing with id=10, n=131071, entry_size=150.6KiB, total store size=18.8GiB, store_type=2; num_stores=11
Using MMap File storage backend.
Initializing with id=11, n=131071, entry_size=240.0B, total store size=29.9MiB, store_type=2; num_stores=12
Using MMap File storage backend.
Initializing with id=12, n=32767, entry_size=128.0B, total store size=3.9MiB, store_type=2; num_stores=13
Using MMap File storage backend.
Initializing with id=13, n=32767, entry_size=600.6KiB, total store size=18.7GiB, store_type=2; num_stores=14
Using MMap File storage backend.
Initializing with id=14, n=32767, entry_size=240.0B, total store size=7.4MiB, store_type=2; num_stores=15
Using MMap File storage backend.
Initializing with id=15, n=8191, entry_size=128.0B, total store size=1023.8KiB, store_type=2; num_stores=16
Using MMap File storage backend.
Initializing with id=16, n=8191, entry_size=2.3MiB, total store size=18.7GiB, store_type=2; num_stores=17
Using MMap File storage backend.
Initializing with id=17, n=8191, entry_size=240.0B, total store size=1.8MiB, store_type=2; num_stores=18
Using MMap File storage backend.
Initializing with id=18, n=2047, entry_size=128.0B, total store size=255.8KiB, store_type=2; num_stores=19
Using MMap File storage backend.
Initializing with id=19, n=2047, entry_size=9.3MiB, total store size=18.7GiB, store_type=2; num_stores=20
Using MMap File storage backend.
Initializing with id=20, n=2047, entry_size=240.0B, total store size=479.7KiB, store_type=2; num_stores=21
Using MMap File storage backend.
Initializing with id=21, n=511, entry_size=128.0B, total store size=63.8KiB, store_type=2; num_stores=22
Using MMap File storage backend.
Initializing with id=22, n=511, entry_size=37.5MiB, total store size=18.7GiB, store_type=2; num_stores=23
Using MMap File storage backend.
Initializing with id=23, n=511, entry_size=240.0B, total store size=119.7KiB, store_type=2; num_stores=24
Using MMap File storage backend.
Initializing with id=24, n=127, entry_size=128.0B, total store size=15.8KiB, store_type=2; num_stores=25
Using MMap File storage backend.
Initializing with id=25, n=127, entry_size=150.0MiB, total store size=18.6GiB, store_type=2; num_stores=26
Using MMap File storage backend.
Initializing with id=26, n=127, entry_size=240.0B, total store size=29.7KiB, store_type=2; num_stores=27
Using MMap File storage backend.
Initializing with id=27, n=31, entry_size=128.0B, total store size=3.8KiB, store_type=2; num_stores=28
Using MMap File storage backend.
Initializing with id=28, n=31, entry_size=600.0MiB, total store size=18.1GiB, store_type=2; num_stores=29
Using MMap File storage backend.
Initializing with id=29, n=31, entry_size=240.0B, total store size=7.2KiB, store_type=2; num_stores=30
Using MMap File storage backend.
Initializing with id=30, n=8388607, entry_size=240.0B, total store size=1.8GiB, store_type=2; num_stores=31
Using MMap File storage backend.
Initializing with id=31, n=8388607, entry_size=240.0B, total store size=1.8GiB, store_type=2; num_stores=32
Using MMap File storage backend.
Inserted 10269
Inserted 22113
Inserted 22943
Inserted 24210
Inserted 24989
Inserted 26052
Inserted 26494
Inserted 27703
Inserted 30032
Inserted 30932
Inserted 31047
Inserted 32147
Inserted 36933
Inserted 37074
Inserted 38042
Inserted 54302
Inserted 226725
Inserted 227598
