+ ./nocache-hdd.sh 2 2048
+ ex=../cmake-build-relwithdebinfo/src/bench/crimes_ofs
+ num_runs=2
+ bbs=64
+ n=23
+ s=2
+ lf=2048
+ hdd_base_path=/data/ubuntu/tests/hdd/nocache
+ rm -rf /data/ubuntu/tests/hdd/nocache
+ mkdir -p /data/ubuntu/tests/hdd/nocache
+ ../cmake-build-relwithdebinfo/src/bench/crimes_ofs --print_csv_headers -r 2 -v 64 -N 23 -s 2 -L 2048 -p /data/ubuntu/tests/hdd/nocache -a -d
Creating OFileStore with lf=2048, s=2
Initializing with id=0, n=4095, entry_size=128.0B, total store size=511.8KiB, store_type=2; num_stores=1
Using MMap File storage backend.
Initializing with id=1, n=4095, entry_size=1.1MiB, total store size=4.4GiB, store_type=2; num_stores=2
Using MMap File storage backend.
Initializing with id=2, n=4095, entry_size=240.0B, total store size=959.7KiB, store_type=2; num_stores=3
Using MMap File storage backend.
OFS: levels: 11 [23] ; first naive level: 23
Initializing with id=3, n=1, entry_size=640.0MiB, total store size=640.0MiB, store_type=2; num_stores=4
Using MMap File storage backend.
Initializing with id=4, n=8388607, entry_size=240.0B, total store size=1.8GiB, store_type=2; num_stores=5
Using MMap File storage backend.
Initializing with id=5, n=8388607, entry_size=240.0B, total store size=1.8GiB, store_type=2; num_stores=6
Using MMap File storage backend.
OFileStore created with lf=2048, s=2, levels=[11 23 ]
Setup done, took 2.50913
Inserted 1 (1)
Inserted 2 (3)
Inserted 4 (7)
Inserted 8 (15)
Inserted 16 (31)
Inserted 32 (63)
Inserted 64 (127)
Inserted 128 (255)
Inserted 256 (511)
Inserted 512 (1023)
Inserted 1024 (2047)
Inserted 2048 (4095)
Inserted 4096 (8191)
Inserted 8192 (16383)
Inserted 16384 (32767)
Inserted 32768 (65535)
Inserted 65536 (131071)
Inserted 131072 (262143)
Inserted 262144 (524287)
Inserted 524288 (1048575)
Inserted 1048576 (2097151)
Inserted 2097152 (4194303)
Inserted 4194304 (8388607)
Searched 1 (1)
Searched 2 (3)
Searched 4 (7)
Searched 8 (15)
Searched 16 (31)
Searched 32 (63)
Searched 64 (127)
Searched 128 (255)
Searched 256 (511)
Searched 512 (1023)
Searched 1024 (2047)
Searched 2048 (4095)
Searched 4096 (8191)
Searched 8192 (16383)
Searched 16384 (32767)
Searched 32768 (65535)
Searched 65536 (131071)
Searched 131072 (262143)
Searched 262144 (524287)
Searched 524288 (1048575)
Searched 1048576 (2097151)
+ ./nocache-hdd.sh 2 2048
+ ex=../cmake-build-relwithdebinfo/src/bench/crimes_ofs
+ num_runs=2
+ bbs=64
+ n=23
+ s=2
+ lf=2048
+ hdd_base_path=/data/ubuntu/tests/hdd/nocache
+ rm -rf /data/ubuntu/tests/hdd/nocache
+ mkdir -p /data/ubuntu/tests/hdd/nocache
mkdir: cannot create directory ‘/data/ubuntu’: Permission denied
+ ../cmake-build-relwithdebinfo/src/bench/crimes_ofs --print_csv_headers -r 2 -v 64 -N 23 -s 2 -L 2048 -p /data/ubuntu/tests/hdd/nocache -a -d
Creating OFileStore with lf=2048, s=2
Initializing with id=0, n=4095, entry_size=128.0B, total store size=511.8KiB, store_type=2; num_stores=1
Failed to create parent path ["/data/ubuntu/tests/hdd/nocache/mmap_file"]. Error code: 13 - Permission denied
Failed to use MMap File storage backend.
Using RAM storage backend.
Initializing with id=1, n=4095, entry_size=1.1MiB, total store size=4.4GiB, store_type=2; num_stores=2
Failed to create parent path ["/data/ubuntu/tests/hdd/nocache/mmap_file"]. Error code: 13 - Permission denied
Failed to use MMap File storage backend.
Using RAM storage backend.
Initializing with id=2, n=4095, entry_size=240.0B, total store size=959.7KiB, store_type=2; num_stores=3
Failed to create parent path ["/data/ubuntu/tests/hdd/nocache/mmap_file"]. Error code: 13 - Permission denied
Failed to use MMap File storage backend.
Using RAM storage backend.
OFS: levels: 11 [23] ; first naive level: 23
Initializing with id=3, n=1, entry_size=640.0MiB, total store size=640.0MiB, store_type=2; num_stores=4
Failed to create parent path ["/data/ubuntu/tests/hdd/nocache/mmap_file"]. Error code: 13 - Permission denied
Failed to use MMap File storage backend.
Using RAM storage backend.
Initializing with id=4, n=8388607, entry_size=240.0B, total store size=1.8GiB, store_type=2; num_stores=5
Failed to create parent path ["/data/ubuntu/tests/hdd/nocache/mmap_file"]. Error code: 13 - Permission denied
Failed to use MMap File storage backend.
Using RAM storage backend.
Initializing with id=5, n=8388607, entry_size=240.0B, total store size=1.8GiB, store_type=2; num_stores=6
Failed to create parent path ["/data/ubuntu/tests/hdd/nocache/mmap_file"]. Error code: 13 - Permission denied
Failed to use MMap File storage backend.
Using RAM storage backend.
OFileStore created with lf=2048, s=2, levels=[11 23 ]
Setup done, took 0.561523
Inserted 1 (1)
Inserted 2 (3)
Inserted 4 (7)
Inserted 8 (15)
Inserted 16 (31)
Inserted 32 (63)
Inserted 64 (127)
Inserted 128 (255)
Inserted 256 (511)
Inserted 512 (1023)
Inserted 1024 (2047)
Inserted 2048 (4095)
Inserted 4096 (8191)
Inserted 8192 (16383)
Inserted 16384 (32767)
Inserted 32768 (65535)
Inserted 65536 (131071)
Inserted 131072 (262143)
Inserted 262144 (524287)
Inserted 524288 (1048575)
Inserted 1048576 (2097151)
Inserted 2097152 (4194303)
Inserted 4194304 (8388607)
Searched 1 (1)
Searched 2 (3)
Searched 4 (7)
Searched 8 (15)
Searched 16 (31)
Searched 32 (63)
Searched 64 (127)
Searched 128 (255)
Searched 256 (511)
Searched 512 (1023)
Searched 1024 (2047)
Searched 2048 (4095)
Searched 4096 (8191)
Searched 8192 (16383)
Searched 16384 (32767)
Searched 32768 (65535)
Searched 65536 (131071)
Searched 131072 (262143)
+ ./nocache-hdd.sh 2 2048
+ ex=../cmake-build-relwithdebinfo/src/bench/crimes_ofs
+ num_runs=2
+ bbs=64
+ n=23
+ s=2
+ lf=2048
+ hdd_base_path=/data/ubuntu/tests/hdd/nocache
+ rm -rf /data/ubuntu/tests/hdd/nocache
+ mkdir -p /data/ubuntu/tests/hdd/nocache
+ ../cmake-build-relwithdebinfo/src/bench/crimes_ofs --print_csv_headers -r 2 -v 64 -N 23 -s 2 -L 2048 -p /data/ubuntu/tests/hdd/nocache -a -d
Creating OFileStore with lf=2048, s=2
Initializing with id=0, n=4095, entry_size=128.0B, total store size=511.8KiB, store_type=2; num_stores=1
Using MMap File storage backend.
Initializing with id=1, n=4095, entry_size=1.1MiB, total store size=4.4GiB, store_type=2; num_stores=2
Using MMap File storage backend.
Initializing with id=2, n=4095, entry_size=240.0B, total store size=959.7KiB, store_type=2; num_stores=3
Using MMap File storage backend.
OFS: levels: 11 [23] ; first naive level: 23
Initializing with id=3, n=1, entry_size=640.0MiB, total store size=640.0MiB, store_type=2; num_stores=4
Using MMap File storage backend.
Initializing with id=4, n=8388607, entry_size=240.0B, total store size=1.8GiB, store_type=2; num_stores=5
Using MMap File storage backend.
Initializing with id=5, n=8388607, entry_size=240.0B, total store size=1.8GiB, store_type=2; num_stores=6
Using MMap File storage backend.
OFileStore created with lf=2048, s=2, levels=[11 23 ]
Setup done, took 3.43661
Inserted 1 (1)
Inserted 2 (3)
Inserted 4 (7)
Inserted 8 (15)
Inserted 16 (31)
Inserted 32 (63)
Inserted 64 (127)
Inserted 128 (255)
Inserted 256 (511)
Inserted 512 (1023)
Inserted 1024 (2047)
Inserted 2048 (4095)
Inserted 4096 (8191)
Inserted 8192 (16383)
Inserted 16384 (32767)
Inserted 32768 (65535)
Inserted 65536 (131071)
Inserted 131072 (262143)
Inserted 262144 (524287)
Inserted 524288 (1048575)
Inserted 1048576 (2097151)
Inserted 2097152 (4194303)
Inserted 4194304 (8388607)
Searched 1 (1)
Searched 2 (3)
Searched 4 (7)
Searched 8 (15)
Searched 16 (31)
Searched 32 (63)
Searched 64 (127)
Searched 128 (255)
Searched 256 (511)
Searched 512 (1023)
Searched 1024 (2047)
Searched 2048 (4095)
Searched 4096 (8191)
Searched 8192 (16383)
Searched 16384 (32767)
Searched 32768 (65535)
Searched 65536 (131071)
Searched 131072 (262143)
Searched 262144 (524287)
Searched 524288 (1048575)
Searched 1048576 (2097151)
Searched 2097152 (4194303)
Searched 4194304 (8388607)
Store destroy invoked.
Store id to destroy: 5
Store destroy invoked.
Store id to destroy: 4
Store destroy invoked.
Store id to destroy: 3
Store destroy invoked.
Store id to destroy: 1
Store destroy invoked.
Store id to destroy: 0
Store destroy invoked.
Store id to destroy: 2
Creating OFileStore with lf=2048, s=2
Store with id=5 destroyed; Remaining stores: 5
Store with id=4 destroyed; Remaining stores: 4
Store with id=3 destroyed; Remaining stores: 3
Store with id=1 destroyed; Remaining stores: 2
Store with id=0 destroyed; Remaining stores: 1
Store with id=2 destroyed; Remaining stores: 0
Initializing with id=6, n=4095, entry_size=128.0B, total store size=511.8KiB, store_type=2; num_stores=1
Using MMap File storage backend.
Initializing with id=7, n=4095, entry_size=1.1MiB, total store size=4.4GiB, store_type=2; num_stores=2
Using MMap File storage backend.
Initializing with id=8, n=4095, entry_size=240.0B, total store size=959.7KiB, store_type=2; num_stores=3
Using MMap File storage backend.
OFS: levels: 11 [23] ; first naive level: 23
Initializing with id=9, n=1, entry_size=640.0MiB, total store size=640.0MiB, store_type=2; num_stores=4
Using MMap File storage backend.
Initializing with id=10, n=8388607, entry_size=240.0B, total store size=1.8GiB, store_type=2; num_stores=5
Using MMap File storage backend.
Initializing with id=11, n=8388607, entry_size=240.0B, total store size=1.8GiB, store_type=2; num_stores=6
Using MMap File storage backend.
OFileStore created with lf=2048, s=2, levels=[11 23 ]
Setup done, took 896.952
Inserted 1 (1)
Inserted 2 (3)
Inserted 4 (7)
Inserted 8 (15)
Inserted 16 (31)
Inserted 32 (63)
Inserted 64 (127)
Inserted 128 (255)
Inserted 256 (511)
Inserted 512 (1023)
Inserted 1024 (2047)
Inserted 2048 (4095)
Inserted 4096 (8191)
Inserted 8192 (16383)
Inserted 16384 (32767)
Inserted 32768 (65535)
Inserted 65536 (131071)
Inserted 131072 (262143)
Inserted 262144 (524287)
Inserted 524288 (1048575)
Inserted 1048576 (2097151)
Inserted 2097152 (4194303)
Inserted 4194304 (8388607)
Searched 1 (1)
Searched 2 (3)
Searched 4 (7)
Searched 8 (15)
Searched 16 (31)
Searched 32 (63)
Searched 64 (127)
Searched 128 (255)
Searched 256 (511)
Searched 512 (1023)
Searched 1024 (2047)
Searched 2048 (4095)
Searched 4096 (8191)
Searched 8192 (16383)
Searched 16384 (32767)
Searched 32768 (65535)
Searched 65536 (131071)
Searched 131072 (262143)
Searched 262144 (524287)
Searched 524288 (1048575)
Searched 1048576 (2097151)
Searched 2097152 (4194303)
